#
# There is insufficient memory for the Java Runtime Environment to continue.
# Native memory allocation (mmap) failed to map 120061952 bytes for committing reserved memory.
# Possible reasons:
#   The system is out of physical RAM or swap space
#   In 32 bit mode, the process size limit was hit
# Possible solutions:
#   Reduce memory load on the system
#   Increase physical memory or swap space
#   Check if swap backing store is full
#   Use 64 bit Java on a 64 bit OS
#   Decrease Java heap size (-Xmx/-Xms)
#   Decrease number of Java threads
#   Decrease Java thread stack sizes (-Xss)
#   Set larger code cache with -XX:ReservedCodeCacheSize=
# This output file may be truncated or incomplete.
#
#  Out of Memory Error (os_linux.cpp:2746), pid=21358, tid=0x00007f9baaaea700
#
# JRE version: OpenJDK Runtime Environment (8.0_191-b12) (build 1.8.0_191-8u191-b12-2ubuntu0.18.04.1-b12)
# Java VM: OpenJDK 64-Bit Server VM (25.191-b12 mixed mode linux-amd64 compressed oops)
# Failed to write core dump. Core dumps have been disabled. To enable core dumping, try "ulimit -c unlimited" before starting Java again
#

---------------  T H R E A D  ---------------

Current thread (0x00007f9bd01c8800):  VMThread [stack: 0x00007f9baa9eb000,0x00007f9baaaeb000] [id=21372]

Stack: [0x00007f9baa9eb000,0x00007f9baaaeb000],  sp=0x00007f9baaae9480,  free space=1017k
Native frames: (J=compiled Java code, j=interpreted, Vv=VM code, C=native code)
V  [libjvm.so+0xab2552]
V  [libjvm.so+0x4d9e37]
V  [libjvm.so+0x8ed5e0]
V  [libjvm.so+0x8e470e]
V  [libjvm.so+0x968466]
V  [libjvm.so+0x9697d8]
V  [libjvm.so+0x965dd6]
V  [libjvm.so+0x96616c]
V  [libjvm.so+0x9149a8]
V  [libjvm.so+0xab4212]
V  [libjvm.so+0xab8dd6]
V  [libjvm.so+0xab7075]
V  [libjvm.so+0xab79ed]
V  [libjvm.so+0xab7dc7]
V  [libjvm.so+0x8ea992]

VM_Operation (0x00007f9bd8c3cf70): ParallelGCFailedAllocation, mode: safepoint, requested by thread 0x00007f9bd000b800


---------------  P R O C E S S  ---------------

Java Threads: ( => current thread )
  0x00007f9b5c05e000 JavaThread "process reaper" daemon [_thread_blocked, id=21386, stack(0x00007f9ba8e75000,0x00007f9ba8eae000)]
  0x00007f9bd0339000 JavaThread "surefire-forkedjvm-ping-30s" daemon [_thread_blocked, id=21383, stack(0x00007f9ba9306000,0x00007f9ba9407000)]
  0x00007f9bd0320000 JavaThread "surefire-forkedjvm-command-thread" daemon [_thread_in_native, id=21382, stack(0x00007f9ba9611000,0x00007f9ba9712000)]
  0x00007f9bd0212000 JavaThread "Service Thread" daemon [_thread_blocked, id=21380, stack(0x00007f9ba9813000,0x00007f9ba9914000)]
  0x00007f9bd020f000 JavaThread "C1 CompilerThread3" daemon [_thread_blocked, id=21379, stack(0x00007f9ba9915000,0x00007f9ba9a15000)]
  0x00007f9bd020d000 JavaThread "C2 CompilerThread2" daemon [_thread_in_native, id=21378, stack(0x00007f9ba9a16000,0x00007f9ba9b16000)]
  0x00007f9bd020b000 JavaThread "C2 CompilerThread1" daemon [_thread_blocked, id=21377, stack(0x00007f9ba9b17000,0x00007f9ba9c17000)]
  0x00007f9bd0208800 JavaThread "C2 CompilerThread0" daemon [_thread_blocked, id=21376, stack(0x00007f9ba9c18000,0x00007f9ba9d18000)]
  0x00007f9bd0207000 JavaThread "Signal Dispatcher" daemon [_thread_blocked, id=21375, stack(0x00007f9ba9d18000,0x00007f9ba9e19000)]
  0x00007f9bd01d4800 JavaThread "Finalizer" daemon [_thread_blocked, id=21374, stack(0x00007f9baa7e8000,0x00007f9baa8e9000)]
  0x00007f9bd01d2000 JavaThread "Reference Handler" daemon [_thread_blocked, id=21373, stack(0x00007f9baa8e9000,0x00007f9baa9ea000)]
  0x00007f9bd000b800 JavaThread "main" [_thread_blocked, id=21363, stack(0x00007f9bd8b41000,0x00007f9bd8c41000)]

Other Threads:
=>0x00007f9bd01c8800 VMThread [stack: 0x00007f9baa9eb000,0x00007f9baaaeb000] [id=21372]
  0x00007f9bd0214800 WatcherThread [stack: 0x00007f9ba9713000,0x00007f9ba9813000] [id=21381]

VM state:at safepoint (normal execution)

VM Mutex/Monitor currently owned by a thread:  ([mutex/lock_event])
[0x00007f9bd0007d20] Threads_lock - owner thread: 0x00007f9bd01c8800
[0x00007f9bd0008220] Heap_lock - owner thread: 0x00007f9bd000b800

Heap:
 PSYoungGen      total 135680K, used 8687K [0x00000000d6f00000, 0x00000000dfc00000, 0x0000000100000000)
  eden space 126976K, 0% used [0x00000000d6f00000,0x00000000d6f00000,0x00000000deb00000)
  from space 8704K, 99% used [0x00000000deb00000,0x00000000df37bf20,0x00000000df380000)
  to   space 8192K, 0% used [0x00000000df400000,0x00000000df400000,0x00000000dfc00000)
 ParOldGen       total 43520K, used 7302K [0x0000000084c00000, 0x0000000087680000, 0x00000000d6f00000)
  object space 43520K, 16% used [0x0000000084c00000,0x00000000853218e8,0x0000000087680000)
 Metaspace       used 28358K, capacity 29298K, committed 29440K, reserved 1075200K
  class space    used 3598K, capacity 3813K, committed 3840K, reserved 1048576K

Card table byte_map: [0x00007f9bd4cff000,0x00007f9bd50da000] byte_map_base: 0x00007f9bd48d9000

Marking Bits: (ParMarkBitMap*) 0x00007f9bd7dd7340
 Begin Bits: [0x00007f9bb8260000, 0x00007f9bba130000)
 End Bits:   [0x00007f9bba130000, 0x00007f9bbc000000)

Polling page: 0x00007f9bd8c58000

CodeCache: size=245760Kb used=8617Kb max_used=8617Kb free=237142Kb
 bounds [0x00007f9bc1000000, 0x00007f9bc1870000, 0x00007f9bd0000000]
 total_blobs=2899 nmethods=2485 adapters=328
 compilation: enabled

Compilation events (10 events):
Event: 2,019 Thread 0x00007f9bd020f000 2486       3       sun.reflect.annotation.AnnotationInvocationHandler::<init> (56 bytes)
Event: 2,019 Thread 0x00007f9bd020f000 nmethod 2486 0x00007f9bc186bb50 code [0x00007f9bc186bd00, 0x00007f9bc186c328]
Event: 2,020 Thread 0x00007f9bd020f000 2487       3       java.lang.reflect.Proxy$Key1::<init> (14 bytes)
Event: 2,020 Thread 0x00007f9bd020f000 nmethod 2487 0x00007f9bc186c550 code [0x00007f9bc186c6e0, 0x00007f9bc186cae8]
Event: 2,021 Thread 0x00007f9bd020f000 2488       3       org.springframework.core.type.classreading.AbstractRecursiveAnnotationVisitor::visitArray (17 bytes)
Event: 2,021 Thread 0x00007f9bd020f000 nmethod 2488 0x00007f9bc186ccd0 code [0x00007f9bc186cec0, 0x00007f9bc186d768]
Event: 2,021 Thread 0x00007f9bd020f000 2489       3       org.springframework.core.type.classreading.RecursiveAnnotationArrayVisitor::<init> (23 bytes)
Event: 2,022 Thread 0x00007f9bd020f000 nmethod 2489 0x00007f9bc186dd10 code [0x00007f9bc186dee0, 0x00007f9bc186e6c8]
Event: 2,022 Thread 0x00007f9bd020f000 2490       3       org.springframework.core.type.classreading.AnnotationMetadataReadingVisitor::isAnnotated (24 bytes)
Event: 2,023 Thread 0x00007f9bd020f000 nmethod 2490 0x00007f9bc186eb50 code [0x00007f9bc186ed00, 0x00007f9bc186f2d8]

GC Heap History (10 events):
Event: 0,742 GC heap after
Heap after GC invocations=3 (full 0):
 PSYoungGen      total 36864K, used 4730K [0x00000000d6f00000, 0x00000000db700000, 0x0000000100000000)
  eden space 31744K, 0% used [0x00000000d6f00000,0x00000000d6f00000,0x00000000d8e00000)
  from space 5120K, 92% used [0x00000000d8e00000,0x00000000d929eb50,0x00000000d9300000)
  to   space 5120K, 0% used [0x00000000db200000,0x00000000db200000,0x00000000db700000)
 ParOldGen       total 84992K, used 24K [0x0000000084c00000, 0x0000000089f00000, 0x00000000d6f00000)
  object space 84992K, 0% used [0x0000000084c00000,0x0000000084c06000,0x0000000089f00000)
 Metaspace       used 12430K, capacity 12762K, committed 12928K, reserved 1060864K
  class space    used 1456K, capacity 1561K, committed 1664K, reserved 1048576K
}
Event: 0,900 GC heap before
{Heap before GC invocations=4 (full 0):
 PSYoungGen      total 36864K, used 36474K [0x00000000d6f00000, 0x00000000db700000, 0x0000000100000000)
  eden space 31744K, 100% used [0x00000000d6f00000,0x00000000d8e00000,0x00000000d8e00000)
  from space 5120K, 92% used [0x00000000d8e00000,0x00000000d929eb50,0x00000000d9300000)
  to   space 5120K, 0% used [0x00000000db200000,0x00000000db200000,0x00000000db700000)
 ParOldGen       total 84992K, used 24K [0x0000000084c00000, 0x0000000089f00000, 0x00000000d6f00000)
  object space 84992K, 0% used [0x0000000084c00000,0x0000000084c06000,0x0000000089f00000)
 Metaspace       used 15213K, capacity 15654K, committed 15872K, reserved 1062912K
  class space    used 1847K, capacity 1979K, committed 2048K, reserved 1048576K
Event: 0,905 GC heap after
Heap after GC invocations=4 (full 0):
 PSYoungGen      total 68608K, used 5089K [0x00000000d6f00000, 0x00000000db700000, 0x0000000100000000)
  eden space 63488K, 0% used [0x00000000d6f00000,0x00000000d6f00000,0x00000000dad00000)
  from space 5120K, 99% used [0x00000000db200000,0x00000000db6f8578,0x00000000db700000)
  to   space 5120K, 0% used [0x00000000dad00000,0x00000000dad00000,0x00000000db200000)
 ParOldGen       total 84992K, used 200K [0x0000000084c00000, 0x0000000089f00000, 0x00000000d6f00000)
  object space 84992K, 0% used [0x0000000084c00000,0x0000000084c320e0,0x0000000089f00000)
 Metaspace       used 15213K, capacity 15654K, committed 15872K, reserved 1062912K
  class space    used 1847K, capacity 1979K, committed 2048K, reserved 1048576K
}
Event: 1,119 GC heap before
{Heap before GC invocations=5 (full 0):
 PSYoungGen      total 68608K, used 68577K [0x00000000d6f00000, 0x00000000db700000, 0x0000000100000000)
  eden space 63488K, 100% used [0x00000000d6f00000,0x00000000dad00000,0x00000000dad00000)
  from space 5120K, 99% used [0x00000000db200000,0x00000000db6f8578,0x00000000db700000)
  to   space 5120K, 0% used [0x00000000dad00000,0x00000000dad00000,0x00000000db200000)
 ParOldGen       total 84992K, used 204K [0x0000000084c00000, 0x0000000089f00000, 0x00000000d6f00000)
  object space 84992K, 0% used [0x0000000084c00000,0x0000000084c33038,0x0000000089f00000)
 Metaspace       used 20433K, capacity 21024K, committed 21248K, reserved 1067008K
  class space    used 2592K, capacity 2746K, committed 2816K, reserved 1048576K
Event: 1,125 GC heap after
Heap after GC invocations=5 (full 0):
 PSYoungGen      total 68608K, used 5119K [0x00000000d6f00000, 0x00000000dfd00000, 0x0000000100000000)
  eden space 63488K, 0% used [0x00000000d6f00000,0x00000000d6f00000,0x00000000dad00000)
  from space 5120K, 99% used [0x00000000dad00000,0x00000000db1fff68,0x00000000db200000)
  to   space 9216K, 0% used [0x00000000df400000,0x00000000df400000,0x00000000dfd00000)
 ParOldGen       total 84992K, used 4739K [0x0000000084c00000, 0x0000000089f00000, 0x00000000d6f00000)
  object space 84992K, 5% used [0x0000000084c00000,0x00000000850a0f50,0x0000000089f00000)
 Metaspace       used 20433K, capacity 21024K, committed 21248K, reserved 1067008K
  class space    used 2592K, capacity 2746K, committed 2816K, reserved 1048576K
}
Event: 1,128 GC heap before
{Heap before GC invocations=6 (full 0):
 PSYoungGen      total 68608K, used 6664K [0x00000000d6f00000, 0x00000000dfd00000, 0x0000000100000000)
  eden space 63488K, 2% used [0x00000000d6f00000,0x00000000d7082330,0x00000000dad00000)
  from space 5120K, 99% used [0x00000000dad00000,0x00000000db1fff68,0x00000000db200000)
  to   space 9216K, 0% used [0x00000000df400000,0x00000000df400000,0x00000000dfd00000)
 ParOldGen       total 84992K, used 4739K [0x0000000084c00000, 0x0000000089f00000, 0x00000000d6f00000)
  object space 84992K, 5% used [0x0000000084c00000,0x00000000850a0f50,0x0000000089f00000)
 Metaspace       used 20531K, capacity 21088K, committed 21248K, reserved 1067008K
  class space    used 2599K, capacity 2746K, committed 2816K, reserved 1048576K
Event: 1,133 GC heap after
Heap after GC invocations=6 (full 0):
 PSYoungGen      total 135168K, used 5205K [0x00000000d6f00000, 0x00000000dfc00000, 0x0000000100000000)
  eden space 126976K, 0% used [0x00000000d6f00000,0x00000000d6f00000,0x00000000deb00000)
  from space 8192K, 63% used [0x00000000df400000,0x00000000df915628,0x00000000dfc00000)
  to   space 8704K, 0% used [0x00000000deb00000,0x00000000deb00000,0x00000000df380000)
 ParOldGen       total 84992K, used 4739K [0x0000000084c00000, 0x0000000089f00000, 0x00000000d6f00000)
  object space 84992K, 5% used [0x0000000084c00000,0x00000000850a0f50,0x0000000089f00000)
 Metaspace       used 20531K, capacity 21088K, committed 21248K, reserved 1067008K
  class space    used 2599K, capacity 2746K, committed 2816K, reserved 1048576K
}
Event: 1,133 GC heap before
{Heap before GC invocations=7 (full 1):
 PSYoungGen      total 135168K, used 5205K [0x00000000d6f00000, 0x00000000dfc00000, 0x0000000100000000)
  eden space 126976K, 0% used [0x00000000d6f00000,0x00000000d6f00000,0x00000000deb00000)
  from space 8192K, 63% used [0x00000000df400000,0x00000000df915628,0x00000000dfc00000)
  to   space 8704K, 0% used [0x00000000deb00000,0x00000000deb00000,0x00000000df380000)
 ParOldGen       total 84992K, used 4739K [0x0000000084c00000, 0x0000000089f00000, 0x00000000d6f00000)
  object space 84992K, 5% used [0x0000000084c00000,0x00000000850a0f50,0x0000000089f00000)
 Metaspace       used 20531K, capacity 21088K, committed 21248K, reserved 1067008K
  class space    used 2599K, capacity 2746K, committed 2816K, reserved 1048576K
Event: 1,151 GC heap after
Heap after GC invocations=7 (full 1):
 PSYoungGen      total 135168K, used 0K [0x00000000d6f00000, 0x00000000dfc00000, 0x0000000100000000)
  eden space 126976K, 0% used [0x00000000d6f00000,0x00000000d6f00000,0x00000000deb00000)
  from space 8192K, 0% used [0x00000000df400000,0x00000000df400000,0x00000000dfc00000)
  to   space 8704K, 0% used [0x00000000deb00000,0x00000000deb00000,0x00000000df380000)
 ParOldGen       total 43520K, used 5493K [0x0000000084c00000, 0x0000000087680000, 0x00000000d6f00000)
  object space 43520K, 12% used [0x0000000084c00000,0x000000008515d560,0x0000000087680000)
 Metaspace       used 20531K, capacity 21088K, committed 21248K, reserved 1067008K
  class space    used 2599K, capacity 2746K, committed 2816K, reserved 1048576K
}
Event: 2,023 GC heap before
{Heap before GC invocations=8 (full 1):
 PSYoungGen      total 135168K, used 126976K [0x00000000d6f00000, 0x00000000dfc00000, 0x0000000100000000)
  eden space 126976K, 100% used [0x00000000d6f00000,0x00000000deb00000,0x00000000deb00000)
  from space 8192K, 0% used [0x00000000df400000,0x00000000df400000,0x00000000dfc00000)
  to   space 8704K, 0% used [0x00000000deb00000,0x00000000deb00000,0x00000000df380000)
 ParOldGen       total 43520K, used 5503K [0x0000000084c00000, 0x0000000087680000, 0x00000000d6f00000)
  object space 43520K, 12% used [0x0000000084c00000,0x000000008515ff90,0x0000000087680000)
 Metaspace       used 28358K, capacity 29298K, committed 29440K, reserved 1075200K
  class space    used 3598K, capacity 3813K, committed 3840K, reserved 1048576K

Deoptimization events (10 events):
Event: 1,302 Thread 0x00007f9bd08f2800 Uncommon trap: reason=unstable_if action=reinterpret pc=0x00007f9bc1498824 method=jdk.internal.org.objectweb.asm.Type.getArgumentsAndReturnSizes(Ljava/lang/String;)I @ 47
Event: 1,373 Thread 0x00007f9bd000b800 Uncommon trap: reason=unstable_if action=reinterpret pc=0x00007f9bc1289a8c method=java.util.HashMap.hash(Ljava/lang/Object;)I @ 1
Event: 1,426 Thread 0x00007f9bd08f2800 Uncommon trap: reason=unstable_if action=reinterpret pc=0x00007f9bc15f6c68 method=com.sun.org.apache.xerces.internal.impl.XMLEntityScanner.scanLiteral(ILcom/sun/org/apache/xerces/internal/xni/XMLString;Z)I @ 570
Event: 1,435 Thread 0x00007f9bd000b800 Uncommon trap: reason=unstable_if action=reinterpret pc=0x00007f9bc1381334 method=org.springframework.util.ConcurrentReferenceHashMap$Segment.clear()V @ 4
Event: 1,461 Thread 0x00007f9bd08f2800 Uncommon trap: reason=unstable_if action=reinterpret pc=0x00007f9bc1624f80 method=com.sun.org.apache.xerces.internal.impl.XMLEntityScanner.skipSpaces()Z @ 125
Event: 1,482 Thread 0x00007f9bd08f2800 Uncommon trap: reason=unstable_if action=reinterpret pc=0x00007f9bc16518a0 method=com.sun.org.apache.xerces.internal.util.SymbolTable.addSymbol([CII)Ljava/lang/String; @ 38
Event: 1,665 Thread 0x00007f9bd000b800 Uncommon trap: reason=unstable_if action=reinterpret pc=0x00007f9bc12d6fe8 method=java.util.HashMap.hash(Ljava/lang/Object;)I @ 1
Event: 1,691 Thread 0x00007f9bd000b800 Uncommon trap: reason=unstable_if action=reinterpret pc=0x00007f9bc13cd090 method=java.net.URL.<init>(Ljava/net/URL;Ljava/lang/String;Ljava/net/URLStreamHandler;)V @ 347
Event: 1,705 Thread 0x00007f9bd000b800 Uncommon trap: reason=null_assert action=make_not_entrant pc=0x00007f9bc13f7ea8 method=java.util.zip.ZipEntry.<init>(Ljava/util/zip/ZipEntry;)V @ 70
Event: 1,710 Thread 0x00007f9bd000b800 Uncommon trap: reason=unstable_if action=reinterpret pc=0x00007f9bc14055cc method=java.lang.ThreadLocal$ThreadLocalMap.getEntry(Ljava/lang/ThreadLocal;)Ljava/lang/ThreadLocal$ThreadLocalMap$Entry; @ 29

Classes redefined (0 events):
No events

Internal exceptions (10 events):
Event: 1,726 Thread 0x00007f9bd000b800 Exception <a 'java/lang/ClassNotFoundException': org/springframework/beans/factory/config/BeanFactoryPostProcessorCustomizer> (0x00000000db7554d0) thrown at [/build/openjdk-8-5w_p1G/openjdk-8-8u191-b12/src/hotspot/src/share/vm/classfile/systemDictionary.c
Event: 1,726 Thread 0x00007f9bd000b800 Exception <a 'java/lang/ClassNotFoundException': org/springframework/core/PriorityOrderedCustomizer> (0x00000000db77cf68) thrown at [/build/openjdk-8-5w_p1G/openjdk-8-8u191-b12/src/hotspot/src/share/vm/classfile/systemDictionary.cpp, line 210]
Event: 1,727 Thread 0x00007f9bd000b800 Exception <a 'java/lang/ClassNotFoundException': org/springframework/core/OrderedCustomizer> (0x00000000db79f6f8) thrown at [/build/openjdk-8-5w_p1G/openjdk-8-8u191-b12/src/hotspot/src/share/vm/classfile/systemDictionary.cpp, line 210]
Event: 1,727 Thread 0x00007f9bd000b800 Exception <a 'java/lang/ClassNotFoundException': org/springframework/context/ResourceLoaderAwareCustomizer> (0x00000000db7cb440) thrown at [/build/openjdk-8-5w_p1G/openjdk-8-8u191-b12/src/hotspot/src/share/vm/classfile/systemDictionary.cpp, line 210]
Event: 1,728 Thread 0x00007f9bd000b800 Exception <a 'java/lang/ClassNotFoundException': org/springframework/beans/factory/AwareCustomizer> (0x00000000db7f3178) thrown at [/build/openjdk-8-5w_p1G/openjdk-8-8u191-b12/src/hotspot/src/share/vm/classfile/systemDictionary.cpp, line 210]
Event: 1,728 Thread 0x00007f9bd000b800 Exception <a 'java/lang/ClassNotFoundException': org/springframework/beans/factory/BeanClassLoaderAwareCustomizer> (0x00000000db822590) thrown at [/build/openjdk-8-5w_p1G/openjdk-8-8u191-b12/src/hotspot/src/share/vm/classfile/systemDictionary.cpp, line 21
Event: 1,728 Thread 0x00007f9bd000b800 Exception <a 'java/lang/ClassNotFoundException': org/springframework/beans/factory/AwareCustomizer> (0x00000000db84a318) thrown at [/build/openjdk-8-5w_p1G/openjdk-8-8u191-b12/src/hotspot/src/share/vm/classfile/systemDictionary.cpp, line 210]
Event: 1,729 Thread 0x00007f9bd000b800 Exception <a 'java/lang/ClassNotFoundException': org/springframework/context/EnvironmentAwareCustomizer> (0x00000000db873bc8) thrown at [/build/openjdk-8-5w_p1G/openjdk-8-8u191-b12/src/hotspot/src/share/vm/classfile/systemDictionary.cpp, line 210]
Event: 1,729 Thread 0x00007f9bd000b800 Exception <a 'java/lang/ClassNotFoundException': org/springframework/beans/factory/AwareCustomizer> (0x00000000db89b830) thrown at [/build/openjdk-8-5w_p1G/openjdk-8-8u191-b12/src/hotspot/src/share/vm/classfile/systemDictionary.cpp, line 210]
Event: 1,844 Thread 0x00007f9bd000b800 Exception <a 'java/lang/IncompatibleClassChangeError': Found class java.lang.Object, but interface was expected> (0x00000000dcdc6e00) thrown at [/build/openjdk-8-5w_p1G/openjdk-8-8u191-b12/src/hotspot/src/share/vm/interpreter/linkResolver.cpp, line 653]

Events (10 events):
Event: 2,014 loading class org/springframework/boot/autoconfigure/condition/ConditionalOnCloudPlatform done
Event: 2,015 loading class org/springframework/boot/autoconfigure/condition/OnCloudPlatformCondition
Event: 2,015 loading class org/springframework/boot/autoconfigure/condition/OnCloudPlatformCondition done
Event: 2,017 loading class org/springframework/boot/actuate/autoconfigure/condition/ConditionsReportEndpoint
Event: 2,017 loading class org/springframework/boot/actuate/autoconfigure/condition/ConditionsReportEndpoint done
Event: 2,019 loading class org/springframework/boot/actuate/context/ShutdownEndpoint
Event: 2,019 loading class org/springframework/boot/actuate/context/ShutdownEndpoint done
Event: 2,021 loading class org/springframework/boot/actuate/context/properties/ConfigurationPropertiesReportEndpoint
Event: 2,021 loading class org/springframework/boot/actuate/context/properties/ConfigurationPropertiesReportEndpoint done
Event: 2,023 Executing VM operation: ParallelGCFailedAllocation


Dynamic libraries:
84c00000-87680000 rw-p 00000000 00:00 0 
87680000-d6f00000 ---p 00000000 00:00 0 
d6f00000-dfc00000 rw-p 00000000 00:00 0 
e6e80000-100000000 ---p 00000000 00:00 0 
100000000-1003c0000 rw-p 00000000 00:00 0 
1003c0000-140000000 ---p 00000000 00:00 0 
5563d2b07000-5563d2b08000 r-xp 00000000 08:01 3671013                    /usr/lib/jvm/java-8-openjdk-amd64/jre/bin/java
5563d2d07000-5563d2d08000 r--p 00000000 08:01 3671013                    /usr/lib/jvm/java-8-openjdk-amd64/jre/bin/java
5563d2d08000-5563d2d09000 rw-p 00001000 08:01 3671013                    /usr/lib/jvm/java-8-openjdk-amd64/jre/bin/java
5563d48c9000-5563d48ea000 rw-p 00000000 00:00 0                          [heap]
7f9b54000000-7f9b5449f000 rw-p 00000000 00:00 0 
7f9b5449f000-7f9b58000000 ---p 00000000 00:00 0 
7f9b58000000-7f9b58021000 rw-p 00000000 00:00 0 
7f9b58021000-7f9b5c000000 ---p 00000000 00:00 0 
7f9b5c000000-7f9b5c09a000 rw-p 00000000 00:00 0 
7f9b5c09a000-7f9b60000000 ---p 00000000 00:00 0 
7f9b60000000-7f9b60021000 rw-p 00000000 00:00 0 
7f9b60021000-7f9b64000000 ---p 00000000 00:00 0 
7f9b64000000-7f9b64021000 rw-p 00000000 00:00 0 
7f9b64021000-7f9b68000000 ---p 00000000 00:00 0 
7f9b68000000-7f9b68021000 rw-p 00000000 00:00 0 
7f9b68021000-7f9b6c000000 ---p 00000000 00:00 0 
7f9b6c000000-7f9b6cadc000 rw-p 00000000 00:00 0 
7f9b6cadc000-7f9b70000000 ---p 00000000 00:00 0 
7f9b70000000-7f9b70021000 rw-p 00000000 00:00 0 
7f9b70021000-7f9b74000000 ---p 00000000 00:00 0 
7f9b74000000-7f9b7487a000 rw-p 00000000 00:00 0 
7f9b7487a000-7f9b78000000 ---p 00000000 00:00 0 
7f9b78000000-7f9b790da000 rw-p 00000000 00:00 0 
7f9b790da000-7f9b7c000000 ---p 00000000 00:00 0 
7f9b7c000000-7f9b7c021000 rw-p 00000000 00:00 0 
7f9b7c021000-7f9b80000000 ---p 00000000 00:00 0 
7f9b80000000-7f9b80fbe000 rw-p 00000000 00:00 0 
7f9b80fbe000-7f9b84000000 ---p 00000000 00:00 0 
7f9b84000000-7f9b84021000 rw-p 00000000 00:00 0 
7f9b84021000-7f9b88000000 ---p 00000000 00:00 0 
7f9b88000000-7f9b88021000 rw-p 00000000 00:00 0 
7f9b88021000-7f9b8c000000 ---p 00000000 00:00 0 
7f9b8c000000-7f9b8c021000 rw-p 00000000 00:00 0 
7f9b8c021000-7f9b90000000 ---p 00000000 00:00 0 
7f9b90000000-7f9b90021000 rw-p 00000000 00:00 0 
7f9b90021000-7f9b94000000 ---p 00000000 00:00 0 
7f9b94000000-7f9b94021000 rw-p 00000000 00:00 0 
7f9b94021000-7f9b98000000 ---p 00000000 00:00 0 
7f9b9bc00000-7f9b9bd00000 rw-p 00000000 00:00 0 
7f9b9bd00000-7f9b9be00000 ---p 00000000 00:00 0 
7f9b9be00000-7f9b9c000000 rw-p 00000000 00:00 0 
7f9b9c000000-7f9b9c021000 rw-p 00000000 00:00 0 
7f9b9c021000-7f9ba0000000 ---p 00000000 00:00 0 
7f9ba01da000-7f9ba03da000 rw-p 00000000 00:00 0 
7f9ba03da000-7f9ba05da000 rw-p 00000000 00:00 0 
7f9ba05da000-7f9ba07da000 rw-p 00000000 00:00 0 
7f9ba07da000-7f9ba09da000 rw-p 00000000 00:00 0 
7f9ba09da000-7f9ba09f1000 r-xp 00000000 08:01 7082853                    /lib/x86_64-linux-gnu/libresolv-2.27.so
7f9ba09f1000-7f9ba0bf1000 ---p 00017000 08:01 7082853                    /lib/x86_64-linux-gnu/libresolv-2.27.so
7f9ba0bf1000-7f9ba0bf2000 r--p 00017000 08:01 7082853                    /lib/x86_64-linux-gnu/libresolv-2.27.so
7f9ba0bf2000-7f9ba0bf3000 rw-p 00018000 08:01 7082853                    /lib/x86_64-linux-gnu/libresolv-2.27.so
7f9ba0bf3000-7f9ba0bf5000 rw-p 00000000 00:00 0 
7f9ba0bf5000-7f9ba0bfa000 r-xp 00000000 08:01 7082802                    /lib/x86_64-linux-gnu/libnss_dns-2.27.so
7f9ba0bfa000-7f9ba0dfa000 ---p 00005000 08:01 7082802                    /lib/x86_64-linux-gnu/libnss_dns-2.27.so
7f9ba0dfa000-7f9ba0dfb000 r--p 00005000 08:01 7082802                    /lib/x86_64-linux-gnu/libnss_dns-2.27.so
7f9ba0dfb000-7f9ba0dfc000 rw-p 00006000 08:01 7082802                    /lib/x86_64-linux-gnu/libnss_dns-2.27.so
7f9ba0dfc000-7f9ba0dfe000 r-xp 00000000 08:01 7082810                    /lib/x86_64-linux-gnu/libnss_mdns4_minimal.so.2
7f9ba0dfe000-7f9ba0ffd000 ---p 00002000 08:01 7082810                    /lib/x86_64-linux-gnu/libnss_mdns4_minimal.so.2
7f9ba0ffd000-7f9ba0ffe000 r--p 00001000 08:01 7082810                    /lib/x86_64-linux-gnu/libnss_mdns4_minimal.so.2
7f9ba0ffe000-7f9ba0fff000 rw-p 00002000 08:01 7082810                    /lib/x86_64-linux-gnu/libnss_mdns4_minimal.so.2
7f9ba0fff000-7f9ba4000000 rw-p 00000000 00:00 0 
7f9ba4000000-7f9ba4021000 rw-p 00000000 00:00 0 
7f9ba4021000-7f9ba8000000 ---p 00000000 00:00 0 
7f9ba81bc000-7f9ba81bf000 ---p 00000000 00:00 0 
7f9ba81bf000-7f9ba82bd000 rw-p 00000000 00:00 0 
7f9ba831e000-7f9ba851e000 rw-p 00000000 00:00 0 
7f9ba851e000-7f9ba8521000 ---p 00000000 00:00 0 
7f9ba8521000-7f9ba881f000 rw-p 00000000 00:00 0 
7f9ba881f000-7f9ba8836000 r-xp 00000000 08:01 3696327                    /usr/lib/jvm/java-8-openjdk-amd64/jre/lib/amd64/libnet.so
7f9ba8836000-7f9ba8a35000 ---p 00017000 08:01 3696327                    /usr/lib/jvm/java-8-openjdk-amd64/jre/lib/amd64/libnet.so
7f9ba8a35000-7f9ba8a36000 r--p 00016000 08:01 3696327                    /usr/lib/jvm/java-8-openjdk-amd64/jre/lib/amd64/libnet.so
7f9ba8a36000-7f9ba8a37000 rw-p 00017000 08:01 3696327                    /usr/lib/jvm/java-8-openjdk-amd64/jre/lib/amd64/libnet.so
7f9ba8a37000-7f9ba8a48000 r-xp 00000000 08:01 3696330                    /usr/lib/jvm/java-8-openjdk-amd64/jre/lib/amd64/libnio.so
7f9ba8a48000-7f9ba8c48000 ---p 00011000 08:01 3696330                    /usr/lib/jvm/java-8-openjdk-amd64/jre/lib/amd64/libnio.so
7f9ba8c48000-7f9ba8c49000 r--p 00011000 08:01 3696330                    /usr/lib/jvm/java-8-openjdk-amd64/jre/lib/amd64/libnio.so
7f9ba8c49000-7f9ba8c4a000 rw-p 00012000 08:01 3696330                    /usr/lib/jvm/java-8-openjdk-amd64/jre/lib/amd64/libnio.so
7f9ba8c4a000-7f9ba8e4a000 rw-p 00000000 00:00 0 
7f9ba8e4a000-7f9ba8e51000 r--s 00000000 08:01 3934808                    /usr/lib/x86_64-linux-gnu/gconv/gconv-modules.cache
7f9ba8e51000-7f9ba8e75000 r--p 00000000 08:01 4593748                    /usr/share/locale-langpack/es/LC_MESSAGES/libc.mo
7f9ba8e75000-7f9ba8e78000 ---p 00000000 00:00 0 
7f9ba8e78000-7f9ba8eae000 rw-p 00000000 00:00 0 
7f9ba8eae000-7f9ba8eb1000 r--s 00012000 08:01 5386259                    /home/sebastian/.m2/repository/org/apache/maven/surefire/surefire-junit4/2.22.1/surefire-junit4-2.22.1.jar
7f9ba8eb1000-7f9ba8eb5000 r--s 00025000 08:01 3151159                    /home/sebastian/.m2/repository/org/xmlunit/xmlunit-core/2.6.2/xmlunit-core-2.6.2.jar
7f9ba8eb5000-7f9ba8ec3000 r--s 0008a000 08:01 4350356                    /home/sebastian/.m2/repository/org/springframework/spring-test/5.1.4.RELEASE/spring-test-5.1.4.RELEASE.jar
7f9ba8ec3000-7f9ba8ec4000 r--s 00005000 08:01 3154936                    /home/sebastian/.m2/repository/org/springframework/spring-jcl/5.1.4.RELEASE/spring-jcl-5.1.4.RELEASE.jar
7f9ba8ec4000-7f9ba8edd000 r--s 00123000 08:01 3023499                    /home/sebastian/.m2/repository/org/springframework/spring-core/5.1.4.RELEASE/spring-core-5.1.4.RELEASE.jar
7f9ba8edd000-7f9ba8ede000 r--s 00004000 08:01 3151152                    /home/sebastian/.m2/repository/com/vaadin/external/google/android-json/0.0.20131108.vaadin1/android-json-0.0.20131108.vaadin1.jar
7f9ba8ede000-7f9ba8ee0000 r--s 00006000 08:01 3151150                    /home/sebastian/.m2/repository/org/skyscreamer/jsonassert/1.5.0/jsonassert-1.5.0.jar
7f9ba8ee0000-7f9ba8ee1000 r--s 0000c000 08:01 3151148                    /home/sebastian/.m2/repository/org/hamcrest/hamcrest-library/1.3/hamcrest-library-1.3.jar
7f9ba8ee1000-7f9ba8ee3000 r--s 00009000 08:01 3151146                    /home/sebastian/.m2/repository/org/hamcrest/hamcrest-core/1.3/hamcrest-core-1.3.jar
7f9ba8ee3000-7f9ba8ee5000 r--s 0000c000 08:01 3151144                    /home/sebastian/.m2/repository/org/objenesis/objenesis/2.6/objenesis-2.6.jar
7f9ba8ee5000-7f9ba8ee7000 r--s 00009000 08:01 3154939                    /home/sebastian/.m2/repository/net/bytebuddy/byte-buddy-agent/1.9.7/byte-buddy-agent-1.9.7.jar
7f9ba8ee7000-7f9ba8f2d000 r--s 002d7000 08:01 3286456                    /home/sebastian/.m2/repository/net/bytebuddy/byte-buddy/1.9.7/byte-buddy-1.9.7.jar
7f9ba8f2d000-7f9ba8f3d000 r--s 0007a000 08:01 5258832                    /home/sebastian/.m2/repository/org/mockito/mockito-core/2.23.4/mockito-core-2.23.4.jar
7f9ba8f3d000-7f9ba8f98000 r--s 0038b000 08:01 3151138                    /home/sebastian/.m2/repository/org/assertj/assertj-core/3.11.1/assertj-core-3.11.1.jar
7f9ba8f98000-7f9ba8fa0000 r--s 00045000 08:01 3151136                    /home/sebastian/.m2/repository/junit/junit/4.12/junit-4.12.jar
7f9ba8fa0000-7f9ba8fa2000 r--s 00006000 08:01 3151132                    /home/sebastian/.m2/repository/net/minidev/accessors-smart/1.2/accessors-smart-1.2.jar
7f9ba8fa2000-7f9ba8fa5000 r--s 0001b000 08:01 3151130                    /home/sebastian/.m2/repository/net/minidev/json-smart/2.3/json-smart-2.3.jar
7f9ba8fa5000-7f9ba8fab000 r--s 00031000 08:01 3151128                    /home/sebastian/.m2/repository/com/jayway/jsonpath/json-path/2.4.0/json-path-2.4.0.jar
7f9ba8fab000-7f9ba8fb2000 r--s 00024000 08:01 5386183                    /home/sebastian/.m2/repository/org/springframework/boot/spring-boot-test-autoconfigure/2.1.2.RELEASE/spring-boot-test-autoconfigure-2.1.2.RELEASE.jar
7f9ba8fb2000-7f9ba8fb7000 r--s 0002b000 08:01 5259026                    /home/sebastian/.m2/repository/org/springframework/boot/spring-boot-test/2.1.2.RELEASE/spring-boot-test-2.1.2.RELEASE.jar
7f9ba8fb7000-7f9ba8fb8000 r--s 00000000 08:01 3154934                    /home/sebastian/.m2/repository/org/springframework/boot/spring-boot-starter-test/2.1.2.RELEASE/spring-boot-starter-test-2.1.2.RELEASE.jar
7f9ba8fb8000-7f9ba8fbe000 r--s 0003b000 08:01 5386186                    /home/sebastian/.m2/repository/org/apache/tomcat/embed/tomcat-embed-websocket/9.0.14/tomcat-embed-websocket-9.0.14.jar
7f9ba8fbe000-7f9ba8fc3000 r--s 00039000 08:01 4872344                    /home/sebastian/.m2/repository/org/apache/tomcat/embed/tomcat-embed-el/9.0.14/tomcat-embed-el-9.0.14.jar
7f9ba8fc3000-7f9ba8fed000 r--s 002f1000 08:01 4872342                    /home/sebastian/.m2/repository/org/apache/tomcat/embed/tomcat-embed-core/9.0.14/tomcat-embed-core-9.0.14.jar
7f9ba8fed000-7f9ba8fef000 r--s 00005000 08:01 2890364                    /home/sebastian/.m2/repository/javax/annotation/javax.annotation-api/1.3.2/javax.annotation-api-1.3.2.jar
7f9ba8fef000-7f9ba8ff0000 r--s 00000000 08:01 3023497                    /home/sebastian/.m2/repository/org/springframework/boot/spring-boot-starter-tomcat/2.1.2.RELEASE/spring-boot-starter-tomcat-2.1.2.RELEASE.jar
7f9ba8ff0000-7f9ba9013000 r--s 00110000 08:01 4473086                    /home/sebastian/.m2/repository/org/springframework/boot/spring-boot-autoconfigure/2.1.2.RELEASE/spring-boot-autoconfigure-2.1.2.RELEASE.jar
7f9ba9013000-7f9ba9028000 r--s 000d3000 08:01 3023495                    /home/sebastian/.m2/repository/org/springframework/boot/spring-boot/2.1.2.RELEASE/spring-boot-2.1.2.RELEASE.jar
7f9ba9028000-7f9ba902e000 r--s 0002e000 08:01 5386181                    /home/sebastian/.m2/repository/org/springframework/boot/spring-boot-devtools/2.1.2.RELEASE/spring-boot-devtools-2.1.2.RELEASE.jar
7f9ba902e000-7f9ba9030000 r--s 00005000 08:01 4872261                    /home/sebastian/.m2/repository/xpp3/xpp3_min/1.1.4c/xpp3_min-1.1.4c.jar
7f9ba9030000-7f9ba9031000 r--s 00001000 08:01 4872259                    /home/sebastian/.m2/repository/xmlpull/xmlpull/1.1.3.1/xmlpull-1.1.3.1.jar
7f9ba9031000-7f9ba903f000 r--s 00082000 08:01 4872257                    /home/sebastian/.m2/repository/com/thoughtworks/xstream/xstream/1.4.10/xstream-1.4.10.jar
7f9ba903f000-7f9ba9041000 r--s 00003000 08:01 5258828                    /home/sebastian/.m2/repository/com/netflix/ribbon/ribbon-eureka/2.3.0/ribbon-eureka-2.3.0.jar
7f9ba9041000-7f9ba9045000 r--s 00024000 08:01 5134140                    /home/sebastian/.m2/repository/org/codehaus/woodstox/stax2-api/3.1.4/stax2-api-3.1.4.jar
7f9ba9045000-7f9ba9047000 r--s 00004000 08:01 5134138                    /home/sebastian/.m2/repository/javax/xml/stream/stax-api/1.0-2/stax-api-1.0-2.jar
7f9ba9047000-7f9ba904d000 r--s 00071000 08:01 5005993                    /home/sebastian/.m2/repository/org/codehaus/woodstox/woodstox-core-asl/4.4.1/woodstox-core-asl-4.4.1.jar
7f9ba904d000-7f9ba9052000 r--s 0003a000 08:01 5005991                    /home/sebastian/.m2/repository/com/netflix/eureka/eureka-core/1.9.8/eureka-core-1.9.8.jar
7f9ba9052000-7f9ba9056000 r--s 0004c000 08:01 4872340                    /home/sebastian/.m2/repository/com/fasterxml/jackson/core/jackson-core/2.9.8/jackson-core-2.9.8.jar
7f9ba9056000-7f9ba9059000 r--s 0000e000 08:01 3020342                    /home/sebastian/.m2/repository/com/fasterxml/jackson/core/jackson-annotations/2.9.0/jackson-annotations-2.9.0.jar
7f9ba9059000-7f9ba905e000 r--s 00024000 08:01 5005989                    /home/sebastian/.m2/repository/com/github/andrewoma/dexx/dexx-collections/0.2/dexx-collections-0.2.jar
7f9ba905e000-7f9ba905f000 r--s 00004000 08:01 5005987                    /home/sebastian/.m2/repository/com/github/vlsi/compactmap/compactmap/1.2.1/compactmap-1.2.1.jar
7f9ba905f000-7f9ba9061000 r--s 00000000 08:01 5005985                    /home/sebastian/.m2/repository/aopalliance/aopalliance/1.0/aopalliance-1.0.jar
7f9ba9061000-7f9ba906f000 r--s 00097000 08:01 5005981                    /home/sebastian/.m2/repository/com/google/inject/guice/4.1.0/guice-4.1.0.jar
7f9ba906f000-7f9ba9071000 r--s 00003000 08:01 4872249                    /home/sebastian/.m2/repository/com/sun/jersey/contribs/jersey-apache-client4/1.19.1/jersey-apache-client4-1.19.1.jar
7f9ba9071000-7f9ba9074000 r--s 0001e000 08:01 4872247                    /home/sebastian/.m2/repository/com/sun/jersey/jersey-client/1.19.1/jersey-client-1.19.1.jar
7f9ba9074000-7f9ba907e000 r--s 00061000 08:01 4473040                    /home/sebastian/.m2/repository/com/sun/jersey/jersey-core/1.19.1/jersey-core-1.19.1.jar
7f9ba907e000-7f9ba9080000 r--s 0000a000 08:01 4350313                    /home/sebastian/.m2/repository/javax/ws/rs/jsr311-api/1.1.1/jsr311-api-1.1.1.jar
7f9ba9080000-7f9ba9093000 r--s 000df000 08:01 3154719                    /home/sebastian/.m2/repository/org/apache/commons/commons-math/2.2/commons-math-2.2.jar
7f9ba9093000-7f9ba9098000 r--s 00036000 08:01 4872239                    /home/sebastian/.m2/repository/com/google/code/gson/gson/2.8.5/gson-2.8.5.jar
7f9ba9098000-7f9ba909d000 r--s 00068000 08:01 3020408                    /home/sebastian/.m2/repository/antlr/antlr/2.7.7/antlr-2.7.7.jar
7f9ba909d000-7f9ba90a0000 r--s 00022000 08:01 4872237                    /home/sebastian/.m2/repository/org/antlr/stringtemplate/3.2.1/stringtemplate-3.2.1.jar
7f9ba90a0000-7f9ba90a4000 r--s 00025000 08:01 4872235                    /home/sebastian/.m2/repository/org/antlr/antlr-runtime/3.4/antlr-runtime-3.4.jar
7f9ba90a4000-7f9ba90b5000 r--s 0008c000 08:01 4741318                    /home/sebastian/.m2/repository/joda-time/joda-time/2.10.1/joda-time-2.10.1.jar
7f9ba90b5000-7f9ba90bb000 r--s 00044000 08:01 4741316                    /home/sebastian/.m2/repository/commons-jxpath/commons-jxpath/1.3/commons-jxpath-1.3.jar
7f9ba90bb000-7f9ba90be000 r--s 00016000 08:01 4741314                    /home/sebastian/.m2/repository/com/netflix/netflix-commons/netflix-infix/0.3.0/netflix-infix-0.3.0.jar
7f9ba90be000-7f9ba90c0000 r--s 0000f000 08:01 4741312                    /home/sebastian/.m2/repository/com/netflix/netflix-commons/netflix-eventbus/0.3.0/netflix-eventbus-0.3.0.jar
7f9ba90c0000-7f9ba90c2000 r--s 00005000 08:01 4741310                    /home/sebastian/.m2/repository/stax/stax-api/1.0.1/stax-api-1.0.1.jar
7f9ba90c2000-7f9ba90c5000 r--s 00012000 08:01 4741308                    /home/sebastian/.m2/repository/org/codehaus/jettison/jettison/1.3.7/jettison-1.3.7.jar
7f9ba90c5000-7f9ba90cf000 r--s 00062000 08:01 4741306                    /home/sebastian/.m2/repository/com/netflix/eureka/eureka-client/1.9.8/eureka-client-1.9.8.jar
7f9ba90cf000-7f9ba90d3000 r--s 00015000 08:01 4741285                    /home/sebastian/.m2/repository/org/springframework/cloud/spring-cloud-netflix-eureka-client/2.1.0.RC3/spring-cloud-netflix-eureka-client-2.1.0.RC3.jar
7f9ba90d3000-7f9ba90d5000 r--s 00005000 08:01 4741283                    /home/sebastian/.m2/repository/org/springframework/cloud/spring-cloud-netflix-hystrix/2.1.0.RC3/spring-cloud-netflix-hystrix-2.1.0.RC3.jar
7f9ba90d5000-7f9ba90d6000 r--s 00000000 08:01 4741281                    /home/sebastian/.m2/repository/org/springframework/cloud/spring-cloud-starter-netflix-eureka-client/2.1.0.RC3/spring-cloud-starter-netflix-eureka-client-2.1.0.RC3.jar
7f9ba90d6000-7f9ba90d8000 r--s 0000c000 08:01 131719                     /home/sebastian/.m2/repository/io/zipkin/brave/brave-instrumentation-jms/5.6.0/brave-instrumentation-jms-5.6.0.jar
7f9ba90d8000-7f9ba90d9000 r--s 00003000 08:01 131717                     /home/sebastian/.m2/repository/io/zipkin/brave/brave-instrumentation-servlet/5.6.0/brave-instrumentation-servlet-5.6.0.jar
7f9ba90d9000-7f9ba90db000 r--s 00001000 08:01 131726                     /home/sebastian/.m2/repository/io/zipkin/brave/brave-instrumentation-spring-webmvc/5.6.0/brave-instrumentation-spring-webmvc-5.6.0.jar
7f9ba90db000-7f9ba90dd000 r--s 00002000 08:01 131714                     /home/sebastian/.m2/repository/io/zipkin/brave/brave-instrumentation-httpasyncclient/5.6.0/brave-instrumentation-httpasyncclient-5.6.0.jar
7f9ba90dd000-7f9ba90df000 r--s 00001000 08:01 131711                     /home/sebastian/.m2/repository/io/zipkin/brave/brave-instrumentation-httpclient/5.6.0/brave-instrumentation-httpclient-5.6.0.jar
7f9ba90df000-7f9ba90e0000 r--s 00004000 08:01 131709                     /home/sebastian/.m2/repository/io/zipkin/brave/brave-instrumentation-kafka-clients/5.6.0/brave-instrumentation-kafka-clients-5.6.0.jar
7f9ba90e0000-7f9ba90e1000 r--s 00003000 08:01 131730                     /home/sebastian/.m2/repository/io/zipkin/brave/brave-instrumentation-spring-rabbit/5.6.0/brave-instrumentation-spring-rabbit-5.6.0.jar
7f9ba90e1000-7f9ba90e2000 r--s 00005000 08:01 131716                     /home/sebastian/.m2/repository/io/zipkin/brave/brave-instrumentation-http/5.6.0/brave-instrumentation-http-5.6.0.jar
7f9ba90e2000-7f9ba90e4000 r--s 00001000 08:01 131715                     /home/sebastian/.m2/repository/io/zipkin/brave/brave-instrumentation-spring-web/5.6.0/brave-instrumentation-spring-web-5.6.0.jar
7f9ba90e4000-7f9ba90e6000 r--s 00000000 08:01 131712                     /home/sebastian/.m2/repository/io/zipkin/brave/brave-context-log4j2/5.6.0/brave-context-log4j2-5.6.0.jar
7f9ba90e6000-7f9ba90e8000 r--s 00007000 08:01 131710                     /home/sebastian/.m2/repository/io/zipkin/reporter2/zipkin-reporter/2.7.13/zipkin-reporter-2.7.13.jar
7f9ba90e8000-7f9ba90ec000 r--s 00030000 08:01 131713                     /home/sebastian/.m2/repository/io/zipkin/zipkin2/zipkin/2.11.10/zipkin-2.11.10.jar
7f9ba90ec000-7f9ba90f0000 r--s 00020000 08:01 3832838                    /home/sebastian/.m2/repository/io/zipkin/brave/brave/5.6.0/brave-5.6.0.jar
7f9ba90f0000-7f9ba90f4000 r--s 0001a000 08:01 3832840                    /home/sebastian/.m2/repository/org/aspectj/aspectjrt/1.9.2/aspectjrt-1.9.2.jar
7f9ba90f4000-7f9ba90fd000 r--s 00042000 08:01 3832834                    /home/sebastian/.m2/repository/org/springframework/cloud/spring-cloud-sleuth-core/2.1.0.RC3/spring-cloud-sleuth-core-2.1.0.RC3.jar
7f9ba90fd000-7f9ba9116000 r--s 001de000 08:01 2890328                    /home/sebastian/.m2/repository/org/aspectj/aspectjweaver/1.9.2/aspectjweaver-1.9.2.jar
7f9ba9116000-7f9ba9117000 r--s 00000000 08:01 5259024                    /home/sebastian/.m2/repository/org/springframework/boot/spring-boot-starter-aop/2.1.2.RELEASE/spring-boot-starter-aop-2.1.2.RELEASE.jar
7f9ba9117000-7f9ba9118000 r--s 00000000 08:01 3832830                    /home/sebastian/.m2/repository/org/springframework/cloud/spring-cloud-starter-sleuth/2.1.0.RC3/spring-cloud-starter-sleuth-2.1.0.RC3.jar
7f9ba9118000-7f9ba911d000 r--s 00033000 08:01 4872245                    /home/sebastian/.m2/repository/com/netflix/servo/servo-core/0.12.21/servo-core-0.12.21.jar
7f9ba911d000-7f9ba911f000 r--s 00009000 08:01 2890334                    /home/sebastian/.m2/repository/org/slf4j/slf4j-api/1.7.25/slf4j-api-1.7.25.jar
7f9ba911f000-7f9ba9123000 r--s 0002a000 08:01 3545555                    /home/sebastian/.m2/repository/commons-io/commons-io/2.4/commons-io-2.4.jar
7f9ba9123000-7f9ba9126000 r--s 00013000 08:01 4745070                    /home/sebastian/.m2/repository/com/netflix/zuul/zuul-core/1.3.1/zuul-core-1.3.1.jar
7f9ba9126000-7f9ba912d000 r--s 00050000 08:01 4872251                    /home/sebastian/.m2/repository/commons-configuration/commons-configuration/1.8/commons-configuration-1.8.jar
7f9ba912d000-7f9ba912f000 r--s 00003000 08:01 5134240                    /home/sebastian/.m2/repository/com/google/code/findbugs/jsr305/3.0.1/jsr305-3.0.1.jar
7f9ba912f000-7f9ba9133000 r--s 0001f000 08:01 4872241                    /home/sebastian/.m2/repository/com/netflix/archaius/archaius-core/0.7.6/archaius-core-0.7.6.jar
7f9ba9133000-7f9ba9134000 r--s 00003000 08:01 5134121                    /home/sebastian/.m2/repository/org/springframework/cloud/spring-cloud-netflix-archaius/2.1.0.RC3/spring-cloud-netflix-archaius-2.1.0.RC3.jar
7f9ba9134000-7f9ba9135000 r--s 00000000 08:01 5134117                    /home/sebastian/.m2/repository/org/springframework/cloud/spring-cloud-starter-netflix-archaius/2.1.0.RC3/spring-cloud-starter-netflix-archaius-2.1.0.RC3.jar
7f9ba9135000-7f9ba914e000 r--s 00102000 08:01 4872255                    /home/sebastian/.m2/repository/io/reactivex/rxjava/1.3.8/rxjava-1.3.8.jar
7f9ba914e000-7f9ba9150000 r--s 00002000 08:01 5134162                    /home/sebastian/.m2/repository/com/netflix/netflix-commons/netflix-statistics/0.1.1/netflix-statistics-0.1.1.jar
7f9ba9150000-7f9ba9154000 r--s 00024000 08:01 5134160                    /home/sebastian/.m2/repository/com/netflix/ribbon/ribbon-loadbalancer/2.3.0/ribbon-loadbalancer-2.3.0.jar
7f9ba9154000-7f9ba9161000 r--s 00083000 08:01 5258826                    /home/sebastian/.m2/repository/commons-collections/commons-collections/3.2.2/commons-collections-3.2.2.jar
7f9ba9161000-7f9ba9163000 r--s 0000c000 08:01 5134156                    /home/sebastian/.m2/repository/com/netflix/ribbon/ribbon-httpclient/2.3.0/ribbon-httpclient-2.3.0.jar
7f9ba9163000-7f9ba9168000 r--s 00041000 08:01 4872253                    /home/sebastian/.m2/repository/commons-lang/commons-lang/2.6/commons-lang-2.6.jar
7f9ba9168000-7f9ba916c000 r--s 00011000 08:01 5134154                    /home/sebastian/.m2/repository/com/netflix/ribbon/ribbon-core/2.3.0/ribbon-core-2.3.0.jar
7f9ba916c000-7f9ba9176000 r--s 00059000 08:01 5134152                    /home/sebastian/.m2/repository/io/reactivex/rxnetty/0.4.9/rxnetty-0.4.9.jar
7f9ba9176000-7f9ba9178000 r--s 00006000 08:01 5134148                    /home/sebastian/.m2/repository/io/reactivex/rxnetty-servo/0.4.9/rxnetty-servo-0.4.9.jar
7f9ba9178000-7f9ba917b000 r--s 0000b000 08:01 5134146                    /home/sebastian/.m2/repository/io/reactivex/rxnetty-contexts/0.4.9/rxnetty-contexts-0.4.9.jar
7f9ba917b000-7f9ba917c000 r--s 00009000 08:01 5134144                    /home/sebastian/.m2/repository/com/netflix/ribbon/ribbon-transport/2.3.0/ribbon-transport-2.3.0.jar
7f9ba917c000-7f9ba9180000 r--s 00012000 08:01 5134142                    /home/sebastian/.m2/repository/com/netflix/ribbon/ribbon/2.3.0/ribbon-2.3.0.jar
7f9ba9180000-7f9ba9181000 r--s 00000000 08:01 5134123                    /home/sebastian/.m2/repository/org/springframework/cloud/spring-cloud-starter-netflix-ribbon/2.1.0.RC3/spring-cloud-starter-netflix-ribbon-2.1.0.RC3.jar
7f9ba9181000-7f9ba9182000 r--s 00000000 08:01 2891211                    /home/sebastian/.m2/repository/org/reactivestreams/reactive-streams/1.0.2/reactive-streams-1.0.2.jar
7f9ba9182000-7f9ba9184000 r--s 00003000 08:01 4594462                    /home/sebastian/.m2/repository/io/reactivex/rxjava-reactive-streams/1.2.1/rxjava-reactive-streams-1.2.1.jar
7f9ba9184000-7f9ba91ae000 r--s 001e9000 08:01 4328859                    /home/sebastian/.m2/repository/com/google/guava/guava/15.0/guava-15.0.jar
7f9ba91ae000-7f9ba91b0000 r--s 0000c000 08:01 3151134                    /home/sebastian/.m2/repository/org/ow2/asm/asm/5.0.4/asm-5.0.4.jar
7f9ba91b0000-7f9ba91b8000 r--s 00073000 08:01 3423939                    /home/sebastian/.m2/repository/org/apache/commons/commons-lang3/3.8.1/commons-lang3-3.8.1.jar
7f9ba91b8000-7f9ba91be000 r--s 00025000 08:01 5118669                    /home/sebastian/.m2/repository/com/netflix/hystrix/hystrix-javanica/1.5.18/hystrix-javanica-1.5.18.jar
7f9ba91be000-7f9ba91c0000 r--s 0000c000 08:01 5118667                    /home/sebastian/.m2/repository/com/netflix/hystrix/hystrix-metrics-event-stream/1.5.18/hystrix-metrics-event-stream-1.5.18.jar
7f9ba91c0000-7f9ba91c3000 r--s 00021000 08:01 3020619                    /home/sebastian/.m2/repository/com/fasterxml/jackson/module/jackson-module-afterburner/2.9.8/jackson-module-afterburner-2.9.8.jar
7f9ba91c3000-7f9ba91c5000 r--s 00007000 08:01 5118665                    /home/sebastian/.m2/repository/com/netflix/hystrix/hystrix-serialization/1.5.18/hystrix-serialization-1.5.18.jar
7f9ba91c5000-7f9ba91d2000 r--s 00066000 08:01 5134150                    /home/sebastian/.m2/repository/com/netflix/hystrix/hystrix-core/1.5.18/hystrix-core-1.5.18.jar
7f9ba91d2000-7f9ba91d6000 r--s 00017000 08:01 5134119                    /home/sebastian/.m2/repository/org/springframework/cloud/spring-cloud-netflix-ribbon/2.1.0.RC3/spring-cloud-netflix-ribbon-2.1.0.RC3.jar
7f9ba91d6000-7f9ba91d7000 r--s 00000000 08:01 3020615                    /home/sebastian/.m2/repository/org/springframework/cloud/spring-cloud-starter-netflix-hystrix/2.1.0.RC3/spring-cloud-starter-netflix-hystrix-2.1.0.RC3.jar
7f9ba91d7000-7f9ba91d9000 r--s 00006000 08:01 4606871                    /home/sebastian/.m2/repository/org/latencyutils/LatencyUtils/2.0.3/LatencyUtils-2.0.3.jar
7f9ba91d9000-7f9ba91db000 r--s 0001a000 08:01 4606869                    /home/sebastian/.m2/repository/org/hdrhistogram/HdrHistogram/2.1.9/HdrHistogram-2.1.9.jar
7f9ba91db000-7f9ba91e4000 r--s 0005e000 08:01 5006047                    /home/sebastian/.m2/repository/io/micrometer/micrometer-core/1.1.2/micrometer-core-1.1.2.jar
7f9ba91e4000-7f9ba91f4000 r--s 0006d000 08:01 4741392                    /home/sebastian/.m2/repository/org/springframework/boot/spring-boot-actuator/2.1.2.RELEASE/spring-boot-actuator-2.1.2.RELEASE.jar
7f9ba91f4000-7f9ba9203000 r--s 0005c000 08:01 4606951                    /home/sebastian/.m2/repository/org/springframework/boot/spring-boot-actuator-autoconfigure/2.1.2.RELEASE/spring-boot-actuator-autoconfigure-2.1.2.RELEASE.jar
7f9ba9203000-7f9ba9204000 r--s 00000000 08:01 4606949                    /home/sebastian/.m2/repository/org/springframework/boot/spring-boot-starter-actuator/2.1.2.RELEASE/spring-boot-starter-actuator-2.1.2.RELEASE.jar
7f9ba9204000-7f9ba925c000 r--s 003a7000 08:01 4606957                    /home/sebastian/.m2/repository/org/bouncycastle/bcprov-jdk15on/1.60/bcprov-jdk15on-1.60.jar
7f9ba925c000-7f9ba926f000 r--s 000b0000 08:01 4606955                    /home/sebastian/.m2/repository/org/bouncycastle/bcpkix-jdk15on/1.60/bcpkix-jdk15on-1.60.jar
7f9ba926f000-7f9ba9270000 r--s 00004000 08:01 3815750                    /home/sebastian/.m2/repository/org/springframework/security/spring-security-rsa/1.0.7.RELEASE/spring-security-rsa-1.0.7.RELEASE.jar
7f9ba9270000-7f9ba9276000 r--s 0001f000 08:01 4606862                    /home/sebastian/.m2/repository/org/springframework/cloud/spring-cloud-commons/2.1.0.RC2/spring-cloud-commons-2.1.0.RC2.jar
7f9ba9276000-7f9ba9278000 r--s 00010000 08:01 5259012                    /home/sebastian/.m2/repository/org/springframework/security/spring-security-crypto/5.1.3.RELEASE/spring-security-crypto-5.1.3.RELEASE.jar
7f9ba9278000-7f9ba927c000 r--s 00018000 08:01 4606860                    /home/sebastian/.m2/repository/org/springframework/cloud/spring-cloud-context/2.1.0.RC2/spring-cloud-context-2.1.0.RC2.jar
7f9ba927c000-7f9ba927d000 r--s 00000000 08:01 4606858                    /home/sebastian/.m2/repository/org/springframework/cloud/spring-cloud-starter/2.1.0.RC2/spring-cloud-starter-2.1.0.RC2.jar
7f9ba927d000-7f9ba927e000 r--s 00000000 08:01 5005983                    /home/sebastian/.m2/repository/javax/inject/javax.inject/1/javax.inject-1.jar
7f9ba927e000-7f9ba9280000 r--s 00001000 08:01 5134158                    /home/sebastian/.m2/repository/com/netflix/netflix-commons/netflix-commons-util/0.3.0/netflix-commons-util-0.3.0.jar
7f9ba9280000-7f9ba9287000 r--s 0004b000 08:01 3286417                    /home/sebastian/.m2/repository/commons-codec/commons-codec/1.11/commons-codec-1.11.jar
7f9ba9287000-7f9ba928e000 r--s 00049000 08:01 5005979                    /home/sebastian/.m2/repository/org/apache/httpcomponents/httpcore/4.4.10/httpcore-4.4.10.jar
7f9ba928e000-7f9ba929b000 r--s 000af000 08:01 5005977                    /home/sebastian/.m2/repository/org/apache/httpcomponents/httpclient/4.5.6/httpclient-4.5.6.jar
7f9ba929b000-7f9ba92a0000 r--s 00022000 08:01 3020612                    /home/sebastian/.m2/repository/org/springframework/cloud/spring-cloud-netflix-zuul/2.1.0.RC3/spring-cloud-netflix-zuul-2.1.0.RC3.jar
7f9ba92a0000-7f9ba92a1000 r--s 00000000 08:01 3020609                    /home/sebastian/.m2/repository/org/springframework/cloud/spring-cloud-starter-netflix-zuul/2.1.0.RC3/spring-cloud-starter-netflix-zuul-2.1.0.RC3.jar
7f9ba92a1000-7f9ba92a6000 r--s 00040000 08:01 4350354                    /home/sebastian/.m2/repository/org/springframework/spring-expression/5.1.4.RELEASE/spring-expression-5.1.4.RELEASE.jar
7f9ba92a6000-7f9ba92c0000 r--s 000f3000 08:01 3286452                    /home/sebastian/.m2/repository/org/springframework/spring-context/5.1.4.RELEASE/spring-context-5.1.4.RELEASE.jar
7f9ba92c0000-7f9ba92ca000 r--s 00051000 08:01 3815778                    /home/sebastian/.m2/repository/org/springframework/spring-aop/5.1.4.RELEASE/spring-aop-5.1.4.RELEASE.jar
7f9ba92ca000-7f9ba92d9000 r--s 000b5000 08:01 3023493                    /home/sebastian/.m2/repository/org/springframework/spring-webmvc/5.1.4.RELEASE/spring-webmvc-5.1.4.RELEASE.jar
7f9ba92d9000-7f9ba92e6000 r--s 00098000 08:01 4350352                    /home/sebastian/.m2/repository/org/springframework/spring-beans/5.1.4.RELEASE/spring-beans-5.1.4.RELEASE.jar
7f9ba92e6000-7f9ba9302000 r--s 00136000 08:01 3023491                    /home/sebastian/.m2/repository/org/springframework/spring-web/5.1.4.RELEASE/spring-web-5.1.4.RELEASE.jar
7f9ba9302000-7f9ba9304000 r--s 0000f000 08:01 3020413                    /home/sebastian/.m2/repository/com/fasterxml/classmate/1.4.0/classmate-1.4.0.jar
7f9ba9304000-7f9ba9306000 r--s 0000f000 08:01 3020396                    /home/sebastian/.m2/repository/org/jboss/logging/jboss-logging/3.3.2.Final/jboss-logging-3.3.2.Final.jar
7f9ba9306000-7f9ba9309000 ---p 00000000 00:00 0 
7f9ba9309000-7f9ba9407000 rw-p 00000000 00:00 0 
7f9ba9407000-7f9ba9410000 r-xp 00000000 08:01 3696324                    /usr/lib/jvm/java-8-openjdk-amd64/jre/lib/amd64/libmanagement.so
7f9ba9410000-7f9ba960f000 ---p 00009000 08:01 3696324                    /usr/lib/jvm/java-8-openjdk-amd64/jre/lib/amd64/libmanagement.so
7f9ba960f000-7f9ba9610000 r--p 00008000 08:01 3696324                    /usr/lib/jvm/java-8-openjdk-amd64/jre/lib/amd64/libmanagement.so
7f9ba9610000-7f9ba9611000 rw-p 00009000 08:01 3696324                    /usr/lib/jvm/java-8-openjdk-amd64/jre/lib/amd64/libmanagement.so
7f9ba9611000-7f9ba9614000 ---p 00000000 00:00 0 
7f9ba9614000-7f9ba9712000 rw-p 00000000 00:00 0 
7f9ba9712000-7f9ba9713000 ---p 00000000 00:00 0 
7f9ba9713000-7f9ba9813000 rw-p 00000000 00:00 0 
7f9ba9813000-7f9ba9816000 ---p 00000000 00:00 0 
7f9ba9816000-7f9ba9914000 rw-p 00000000 00:00 0 
7f9ba9914000-7f9ba9915000 ---p 00000000 00:00 0 
7f9ba9915000-7f9ba9918000 ---p 00000000 00:00 0 
7f9ba9918000-7f9ba9a15000 rw-p 00000000 00:00 0 
7f9ba9a15000-7f9ba9a16000 ---p 00000000 00:00 0 
7f9ba9a16000-7f9ba9a19000 ---p 00000000 00:00 0 
7f9ba9a19000-7f9ba9b16000 rw-p 00000000 00:00 0 
7f9ba9b16000-7f9ba9b17000 ---p 00000000 00:00 0 
7f9ba9b17000-7f9ba9b1a000 ---p 00000000 00:00 0 
7f9ba9b1a000-7f9ba9c17000 rw-p 00000000 00:00 0 
7f9ba9c17000-7f9ba9c18000 ---p 00000000 00:00 0 
7f9ba9c18000-7f9ba9c1b000 ---p 00000000 00:00 0 
7f9ba9c1b000-7f9ba9d18000 rw-p 00000000 00:00 0 
7f9ba9d18000-7f9ba9d1b000 ---p 00000000 00:00 0 
7f9ba9d1b000-7f9ba9e19000 rw-p 00000000 00:00 0 
7f9ba9e19000-7f9baa7e8000 r--p 00000000 08:01 3676920                    /usr/lib/locale/locale-archive
7f9baa7e8000-7f9baa7eb000 ---p 00000000 00:00 0 
7f9baa7eb000-7f9baa8e9000 rw-p 00000000 00:00 0 
7f9baa8e9000-7f9baa8ec000 ---p 00000000 00:00 0 
7f9baa8ec000-7f9baa9ea000 rw-p 00000000 00:00 0 
7f9baa9ea000-7f9baa9eb000 ---p 00000000 00:00 0 
7f9baa9eb000-7f9bac000000 rw-p 00000000 00:00 0 
7f9bac000000-7f9bac021000 rw-p 00000000 00:00 0 
7f9bac021000-7f9bb0000000 ---p 00000000 00:00 0 
7f9bb0000000-7f9bb0021000 rw-p 00000000 00:00 0 
7f9bb0021000-7f9bb4000000 ---p 00000000 00:00 0 
7f9bb4000000-7f9bb4021000 rw-p 00000000 00:00 0 
7f9bb4021000-7f9bb8000000 ---p 00000000 00:00 0 
7f9bb8000000-7f9bb8005000 r--s 00012000 08:01 3020358                    /home/sebastian/.m2/repository/javax/validation/validation-api/2.0.1.Final/validation-api-2.0.1.Final.jar
7f9bb8005000-7f9bb8022000 r--s 000fe000 08:01 3023508                    /home/sebastian/.m2/repository/org/hibernate/validator/hibernate-validator/6.0.14.Final/hibernate-validator-6.0.14.Final.jar
7f9bb8022000-7f9bb8024000 r--s 00001000 08:01 3023506                    /home/sebastian/.m2/repository/com/fasterxml/jackson/module/jackson-module-parameter-names/2.9.8/jackson-module-parameter-names-2.9.8.jar
7f9bb8024000-7f9bb8027000 r--s 00016000 08:01 4872338                    /home/sebastian/.m2/repository/com/fasterxml/jackson/datatype/jackson-datatype-jsr310/2.9.8/jackson-datatype-jsr310-2.9.8.jar
7f9bb8027000-7f9bb8029000 r--s 00007000 08:01 3023504                    /home/sebastian/.m2/repository/com/fasterxml/jackson/datatype/jackson-datatype-jdk8/2.9.8/jackson-datatype-jdk8-2.9.8.jar
7f9bb8029000-7f9bb803b000 r--s 00137000 08:01 4473089                    /home/sebastian/.m2/repository/com/fasterxml/jackson/core/jackson-databind/2.9.8/jackson-databind-2.9.8.jar
7f9bb803b000-7f9bb803c000 r--s 00000000 08:01 3023489                    /home/sebastian/.m2/repository/org/springframework/boot/spring-boot-starter-json/2.1.2.RELEASE/spring-boot-starter-json-2.1.2.RELEASE.jar
7f9bb803c000-7f9bb8043000 r--s 00043000 08:01 2890354                    /home/sebastian/.m2/repository/org/yaml/snakeyaml/1.23/snakeyaml-1.23.jar
7f9bb8043000-7f9bb8045000 r--s 00000000 08:01 2890352                    /home/sebastian/.m2/repository/org/slf4j/jul-to-slf4j/1.7.25/jul-to-slf4j-1.7.25.jar
7f9bb8045000-7f9bb804b000 r--s 0003b000 08:01 2890350                    /home/sebastian/.m2/repository/org/apache/logging/log4j/log4j-api/2.11.1/log4j-api-2.11.1.jar
7f9bb804b000-7f9bb804d000 r--s 00003000 08:01 2890348                    /home/sebastian/.m2/repository/org/apache/logging/log4j/log4j-to-slf4j/2.11.1/log4j-to-slf4j-2.11.1.jar
7f9bb804d000-7f9bb8058000 r--s 00069000 08:01 2890346                    /home/sebastian/.m2/repository/ch/qos/logback/logback-core/1.2.3/logback-core-1.2.3.jar
7f9bb8058000-7f9bb805e000 r--s 00041000 08:01 2890344                    /home/sebastian/.m2/repository/ch/qos/logback/logback-classic/1.2.3/logback-classic-1.2.3.jar
7f9bb805e000-7f9bbc000000 rw-p 00000000 00:00 0 
7f9bbc000000-7f9bbc021000 rw-p 00000000 00:00 0 
7f9bbc021000-7f9bc0000000 ---p 00000000 00:00 0 
7f9bc0000000-7f9bc0001000 r--s 00000000 08:01 4741390                    /home/sebastian/.m2/repository/org/springframework/boot/spring-boot-starter-logging/2.1.2.RELEASE/spring-boot-starter-logging-2.1.2.RELEASE.jar
7f9bc0001000-7f9bc0002000 r--s 00000000 08:01 3023485                    /home/sebastian/.m2/repository/org/springframework/boot/spring-boot-starter/2.1.2.RELEASE/spring-boot-starter-2.1.2.RELEASE.jar
7f9bc0002000-7f9bc0007000 r--s 00029000 08:01 4606963                    /home/sebastian/.m2/repository/org/apache/maven/surefire/surefire-api/2.22.1/surefire-api-2.22.1.jar
7f9bc0007000-7f9bc0022000 r--s 00394000 08:01 3696384                    /usr/lib/jvm/java-8-openjdk-amd64/jre/lib/ext/cldrdata.jar
7f9bc0022000-7f9bc1000000 rw-p 00000000 00:00 0 
7f9bc1000000-7f9bc1870000 rwxp 00000000 00:00 0 
7f9bc1870000-7f9bd0000000 ---p 00000000 00:00 0 
7f9bd0000000-7f9bd110b000 rw-p 00000000 00:00 0 
7f9bd110b000-7f9bd4000000 ---p 00000000 00:00 0 
7f9bd4000000-7f9bd4001000 r--s 00000000 08:01 3023487                    /home/sebastian/.m2/repository/org/springframework/boot/spring-boot-starter-web/2.1.2.RELEASE/spring-boot-starter-web-2.1.2.RELEASE.jar
7f9bd4001000-7f9bd4005000 r--s 0003f000 08:01 5134246                    /home/sebastian/.m2/repository/org/apache/maven/surefire/surefire-booter/2.22.1/surefire-booter-2.22.1.jar
7f9bd4005000-7f9bd4020000 r--s 001d6000 08:01 3696397                    /usr/lib/jvm/java-8-openjdk-amd64/jre/lib/ext/nashorn.jar
7f9bd4020000-7f9bd41ef000 r--s 03c33000 08:01 3696450                    /usr/lib/jvm/java-8-openjdk-amd64/jre/lib/rt.jar
7f9bd41ef000-7f9bd4265000 rw-p 00000000 00:00 0 
7f9bd4265000-7f9bd4266000 ---p 00000000 00:00 0 
7f9bd4266000-7f9bd4366000 rw-p 00000000 00:00 0 
7f9bd4366000-7f9bd4367000 ---p 00000000 00:00 0 
7f9bd4367000-7f9bd4467000 rw-p 00000000 00:00 0 
7f9bd4467000-7f9bd4468000 ---p 00000000 00:00 0 
7f9bd4468000-7f9bd4568000 rw-p 00000000 00:00 0 
7f9bd4568000-7f9bd4569000 ---p 00000000 00:00 0 
7f9bd4569000-7f9bd4669000 rw-p 00000000 00:00 0 
7f9bd4669000-7f9bd466a000 ---p 00000000 00:00 0 
7f9bd466a000-7f9bd476a000 rw-p 00000000 00:00 0 
7f9bd476a000-7f9bd476b000 ---p 00000000 00:00 0 
7f9bd476b000-7f9bd486b000 rw-p 00000000 00:00 0 
7f9bd486b000-7f9bd486c000 ---p 00000000 00:00 0 
7f9bd486c000-7f9bd496c000 rw-p 00000000 00:00 0 
7f9bd496c000-7f9bd496d000 ---p 00000000 00:00 0 
7f9bd496d000-7f9bd4a83000 rw-p 00000000 00:00 0 
7f9bd4a83000-7f9bd4cff000 ---p 00000000 00:00 0 
7f9bd4cff000-7f9bd4d15000 rw-p 00000000 00:00 0 
7f9bd4d15000-7f9bd4f90000 ---p 00000000 00:00 0 
7f9bd4f90000-7f9bd4fd7000 rw-p 00000000 00:00 0 
7f9bd4fd7000-7f9bd50d9000 ---p 00000000 00:00 0 
7f9bd50d9000-7f9bd50fc000 rw-p 00000000 00:00 0 
7f9bd50fc000-7f9bd549a000 ---p 00000000 00:00 0 
7f9bd549a000-7f9bd54a2000 r-xp 00000000 08:01 3696348                    /usr/lib/jvm/java-8-openjdk-amd64/jre/lib/amd64/libzip.so
7f9bd54a2000-7f9bd56a1000 ---p 00008000 08:01 3696348                    /usr/lib/jvm/java-8-openjdk-amd64/jre/lib/amd64/libzip.so
7f9bd56a1000-7f9bd56a2000 r--p 00007000 08:01 3696348                    /usr/lib/jvm/java-8-openjdk-amd64/jre/lib/amd64/libzip.so
7f9bd56a2000-7f9bd56a3000 rw-p 00008000 08:01 3696348                    /usr/lib/jvm/java-8-openjdk-amd64/jre/lib/amd64/libzip.so
7f9bd56a3000-7f9bd56ae000 r-xp 00000000 08:01 7082804                    /lib/x86_64-linux-gnu/libnss_files-2.27.so
7f9bd56ae000-7f9bd58ad000 ---p 0000b000 08:01 7082804                    /lib/x86_64-linux-gnu/libnss_files-2.27.so
7f9bd58ad000-7f9bd58ae000 r--p 0000a000 08:01 7082804                    /lib/x86_64-linux-gnu/libnss_files-2.27.so
7f9bd58ae000-7f9bd58af000 rw-p 0000b000 08:01 7082804                    /lib/x86_64-linux-gnu/libnss_files-2.27.so
7f9bd58af000-7f9bd58b5000 rw-p 00000000 00:00 0 
7f9bd58b5000-7f9bd58cc000 r-xp 00000000 08:01 7082798                    /lib/x86_64-linux-gnu/libnsl-2.27.so
7f9bd58cc000-7f9bd5acb000 ---p 00017000 08:01 7082798                    /lib/x86_64-linux-gnu/libnsl-2.27.so
7f9bd5acb000-7f9bd5acc000 r--p 00016000 08:01 7082798                    /lib/x86_64-linux-gnu/libnsl-2.27.so
7f9bd5acc000-7f9bd5acd000 rw-p 00017000 08:01 7082798                    /lib/x86_64-linux-gnu/libnsl-2.27.so
7f9bd5acd000-7f9bd5acf000 rw-p 00000000 00:00 0 
7f9bd5acf000-7f9bd5ada000 r-xp 00000000 08:01 7082815                    /lib/x86_64-linux-gnu/libnss_nis-2.27.so
7f9bd5ada000-7f9bd5cd9000 ---p 0000b000 08:01 7082815                    /lib/x86_64-linux-gnu/libnss_nis-2.27.so
7f9bd5cd9000-7f9bd5cda000 r--p 0000a000 08:01 7082815                    /lib/x86_64-linux-gnu/libnss_nis-2.27.so
7f9bd5cda000-7f9bd5cdb000 rw-p 0000b000 08:01 7082815                    /lib/x86_64-linux-gnu/libnss_nis-2.27.so
7f9bd5cdb000-7f9bd5ce3000 r-xp 00000000 08:01 7082800                    /lib/x86_64-linux-gnu/libnss_compat-2.27.so
7f9bd5ce3000-7f9bd5ee3000 ---p 00008000 08:01 7082800                    /lib/x86_64-linux-gnu/libnss_compat-2.27.so
7f9bd5ee3000-7f9bd5ee4000 r--p 00008000 08:01 7082800                    /lib/x86_64-linux-gnu/libnss_compat-2.27.so
7f9bd5ee4000-7f9bd5ee5000 rw-p 00009000 08:01 7082800                    /lib/x86_64-linux-gnu/libnss_compat-2.27.so
7f9bd5ee5000-7f9bd5f13000 r-xp 00000000 08:01 3674294                    /usr/lib/jvm/java-8-openjdk-amd64/jre/lib/amd64/libjava.so
7f9bd5f13000-7f9bd6112000 ---p 0002e000 08:01 3674294                    /usr/lib/jvm/java-8-openjdk-amd64/jre/lib/amd64/libjava.so
7f9bd6112000-7f9bd6113000 r--p 0002d000 08:01 3674294                    /usr/lib/jvm/java-8-openjdk-amd64/jre/lib/amd64/libjava.so
7f9bd6113000-7f9bd6115000 rw-p 0002e000 08:01 3674294                    /usr/lib/jvm/java-8-openjdk-amd64/jre/lib/amd64/libjava.so
7f9bd6115000-7f9bd6125000 r-xp 00000000 08:01 3696343                    /usr/lib/jvm/java-8-openjdk-amd64/jre/lib/amd64/libverify.so
7f9bd6125000-7f9bd6324000 ---p 00010000 08:01 3696343                    /usr/lib/jvm/java-8-openjdk-amd64/jre/lib/amd64/libverify.so
7f9bd6324000-7f9bd6326000 r--p 0000f000 08:01 3696343                    /usr/lib/jvm/java-8-openjdk-amd64/jre/lib/amd64/libverify.so
7f9bd6326000-7f9bd6327000 rw-p 00011000 08:01 3696343                    /usr/lib/jvm/java-8-openjdk-amd64/jre/lib/amd64/libverify.so
7f9bd6327000-7f9bd632e000 r-xp 00000000 08:01 7082855                    /lib/x86_64-linux-gnu/librt-2.27.so
7f9bd632e000-7f9bd652d000 ---p 00007000 08:01 7082855                    /lib/x86_64-linux-gnu/librt-2.27.so
7f9bd652d000-7f9bd652e000 r--p 00006000 08:01 7082855                    /lib/x86_64-linux-gnu/librt-2.27.so
7f9bd652e000-7f9bd652f000 rw-p 00007000 08:01 7082855                    /lib/x86_64-linux-gnu/librt-2.27.so
7f9bd652f000-7f9bd6546000 r-xp 00000000 08:01 7077894                    /lib/x86_64-linux-gnu/libgcc_s.so.1
7f9bd6546000-7f9bd6745000 ---p 00017000 08:01 7077894                    /lib/x86_64-linux-gnu/libgcc_s.so.1
7f9bd6745000-7f9bd6746000 r--p 00016000 08:01 7077894                    /lib/x86_64-linux-gnu/libgcc_s.so.1
7f9bd6746000-7f9bd6747000 rw-p 00017000 08:01 7077894                    /lib/x86_64-linux-gnu/libgcc_s.so.1
7f9bd6747000-7f9bd68e4000 r-xp 00000000 08:01 7082777                    /lib/x86_64-linux-gnu/libm-2.27.so
7f9bd68e4000-7f9bd6ae3000 ---p 0019d000 08:01 7082777                    /lib/x86_64-linux-gnu/libm-2.27.so
7f9bd6ae3000-7f9bd6ae4000 r--p 0019c000 08:01 7082777                    /lib/x86_64-linux-gnu/libm-2.27.so
7f9bd6ae4000-7f9bd6ae5000 rw-p 0019d000 08:01 7082777                    /lib/x86_64-linux-gnu/libm-2.27.so
7f9bd6ae5000-7f9bd6c5e000 r-xp 00000000 08:01 3672723                    /usr/lib/x86_64-linux-gnu/libstdc++.so.6.0.25
7f9bd6c5e000-7f9bd6e5e000 ---p 00179000 08:01 3672723                    /usr/lib/x86_64-linux-gnu/libstdc++.so.6.0.25
7f9bd6e5e000-7f9bd6e68000 r--p 00179000 08:01 3672723                    /usr/lib/x86_64-linux-gnu/libstdc++.so.6.0.25
7f9bd6e68000-7f9bd6e6a000 rw-p 00183000 08:01 3672723                    /usr/lib/x86_64-linux-gnu/libstdc++.so.6.0.25
7f9bd6e6a000-7f9bd6e6e000 rw-p 00000000 00:00 0 
7f9bd6e6e000-7f9bd7b08000 r-xp 00000000 08:01 3696353                    /usr/lib/jvm/java-8-openjdk-amd64/jre/lib/amd64/server/libjvm.so
7f9bd7b08000-7f9bd7d07000 ---p 00c9a000 08:01 3696353                    /usr/lib/jvm/java-8-openjdk-amd64/jre/lib/amd64/server/libjvm.so
7f9bd7d07000-7f9bd7d9b000 r--p 00c99000 08:01 3696353                    /usr/lib/jvm/java-8-openjdk-amd64/jre/lib/amd64/server/libjvm.so
7f9bd7d9b000-7f9bd7dc4000 rw-p 00d2d000 08:01 3696353                    /usr/lib/jvm/java-8-openjdk-amd64/jre/lib/amd64/server/libjvm.so
7f9bd7dc4000-7f9bd7df4000 rw-p 00000000 00:00 0 
7f9bd7df4000-7f9bd7e0e000 r-xp 00000000 08:01 7082847                    /lib/x86_64-linux-gnu/libpthread-2.27.so
7f9bd7e0e000-7f9bd800d000 ---p 0001a000 08:01 7082847                    /lib/x86_64-linux-gnu/libpthread-2.27.so
7f9bd800d000-7f9bd800e000 r--p 00019000 08:01 7082847                    /lib/x86_64-linux-gnu/libpthread-2.27.so
7f9bd800e000-7f9bd800f000 rw-p 0001a000 08:01 7082847                    /lib/x86_64-linux-gnu/libpthread-2.27.so
7f9bd800f000-7f9bd8013000 rw-p 00000000 00:00 0 
7f9bd8013000-7f9bd8016000 r-xp 00000000 08:01 7082737                    /lib/x86_64-linux-gnu/libdl-2.27.so
7f9bd8016000-7f9bd8215000 ---p 00003000 08:01 7082737                    /lib/x86_64-linux-gnu/libdl-2.27.so
7f9bd8215000-7f9bd8216000 r--p 00002000 08:01 7082737                    /lib/x86_64-linux-gnu/libdl-2.27.so
7f9bd8216000-7f9bd8217000 rw-p 00003000 08:01 7082737                    /lib/x86_64-linux-gnu/libdl-2.27.so
7f9bd8217000-7f9bd8233000 r-xp 00000000 08:01 7082886                    /lib/x86_64-linux-gnu/libz.so.1.2.11
7f9bd8233000-7f9bd8432000 ---p 0001c000 08:01 7082886                    /lib/x86_64-linux-gnu/libz.so.1.2.11
7f9bd8432000-7f9bd8433000 r--p 0001b000 08:01 7082886                    /lib/x86_64-linux-gnu/libz.so.1.2.11
7f9bd8433000-7f9bd8434000 rw-p 0001c000 08:01 7082886                    /lib/x86_64-linux-gnu/libz.so.1.2.11
7f9bd8434000-7f9bd861b000 r-xp 00000000 08:01 7082714                    /lib/x86_64-linux-gnu/libc-2.27.so
7f9bd861b000-7f9bd881b000 ---p 001e7000 08:01 7082714                    /lib/x86_64-linux-gnu/libc-2.27.so
7f9bd881b000-7f9bd881f000 r--p 001e7000 08:01 7082714                    /lib/x86_64-linux-gnu/libc-2.27.so
7f9bd881f000-7f9bd8821000 rw-p 001eb000 08:01 7082714                    /lib/x86_64-linux-gnu/libc-2.27.so
7f9bd8821000-7f9bd8825000 rw-p 00000000 00:00 0 
7f9bd8825000-7f9bd8833000 r-xp 00000000 08:01 3671233                    /usr/lib/jvm/java-8-openjdk-amd64/jre/lib/amd64/jli/libjli.so
7f9bd8833000-7f9bd8a32000 ---p 0000e000 08:01 3671233                    /usr/lib/jvm/java-8-openjdk-amd64/jre/lib/amd64/jli/libjli.so
7f9bd8a32000-7f9bd8a33000 r--p 0000d000 08:01 3671233                    /usr/lib/jvm/java-8-openjdk-amd64/jre/lib/amd64/jli/libjli.so
7f9bd8a33000-7f9bd8a34000 rw-p 0000e000 08:01 3671233                    /usr/lib/jvm/java-8-openjdk-amd64/jre/lib/amd64/jli/libjli.so
7f9bd8a34000-7f9bd8a5b000 r-xp 00000000 08:01 7082686                    /lib/x86_64-linux-gnu/ld-2.27.so
7f9bd8a5b000-7f9bd8a5d000 r--s 00002000 08:01 4872350                    /home/sebastian/.m2/repository/org/apache/maven/surefire/surefire-logger-api/2.22.1/surefire-logger-api-2.22.1.jar
7f9bd8a5d000-7f9bd8a5e000 r--s 00004000 08:01 3027587                    /home/sebastian/Escritorio/workspace/zuul-proxy-server/target/surefire/surefirebooter8511289671065981301.jar
7f9bd8a5e000-7f9bd8a60000 r--s 00007000 08:01 4071975                    /usr/share/java/java-atk-wrapper.jar
7f9bd8a60000-7f9bd8a66000 r--s 0003b000 08:01 3696399                    /usr/lib/jvm/java-8-openjdk-amd64/jre/lib/ext/sunjce_provider.jar
7f9bd8a66000-7f9bd8a70000 r--s 00116000 08:01 3696396                    /usr/lib/jvm/java-8-openjdk-amd64/jre/lib/ext/localedata.jar
7f9bd8a70000-7f9bd8b40000 rw-p 00000000 00:00 0 
7f9bd8b40000-7f9bd8b41000 ---p 00000000 00:00 0 
7f9bd8b41000-7f9bd8b44000 ---p 00000000 00:00 0 
7f9bd8b44000-7f9bd8c43000 rw-p 00000000 00:00 0 
7f9bd8c43000-7f9bd8c46000 r--s 00038000 08:01 3696401                    /usr/lib/jvm/java-8-openjdk-amd64/jre/lib/ext/sunpkcs11.jar
7f9bd8c46000-7f9bd8c48000 r--s 00001000 08:01 3696389                    /usr/lib/jvm/java-8-openjdk-amd64/jre/lib/ext/dnsns.jar
7f9bd8c48000-7f9bd8c4a000 r--s 00008000 08:01 3696398                    /usr/lib/jvm/java-8-openjdk-amd64/jre/lib/ext/sunec.jar
7f9bd8c4a000-7f9bd8c4b000 r--s 0000a000 08:01 3696395                    /usr/lib/jvm/java-8-openjdk-amd64/jre/lib/ext/jaccess.jar
7f9bd8c4b000-7f9bd8c4e000 r--s 0000f000 08:01 3696392                    /usr/lib/jvm/java-8-openjdk-amd64/jre/lib/ext/icedtea-sound.jar
7f9bd8c4e000-7f9bd8c4f000 r--s 00010000 08:01 3696402                    /usr/lib/jvm/java-8-openjdk-amd64/jre/lib/ext/zipfs.jar
7f9bd8c4f000-7f9bd8c57000 rw-s 00000000 08:01 1061009                    /tmp/hsperfdata_sebastian/21358
7f9bd8c57000-7f9bd8c58000 rw-p 00000000 00:00 0 
7f9bd8c58000-7f9bd8c59000 ---p 00000000 00:00 0 
7f9bd8c59000-7f9bd8c5b000 rw-p 00000000 00:00 0 
7f9bd8c5b000-7f9bd8c5c000 r--p 00027000 08:01 7082686                    /lib/x86_64-linux-gnu/ld-2.27.so
7f9bd8c5c000-7f9bd8c5d000 rw-p 00028000 08:01 7082686                    /lib/x86_64-linux-gnu/ld-2.27.so
7f9bd8c5d000-7f9bd8c5e000 rw-p 00000000 00:00 0 
7ffeacebc000-7ffeacedd000 rw-p 00000000 00:00 0                          [stack]
7ffeacf80000-7ffeacf83000 r--p 00000000 00:00 0                          [vvar]
7ffeacf83000-7ffeacf85000 r-xp 00000000 00:00 0                          [vdso]
ffffffffff600000-ffffffffff601000 r-xp 00000000 00:00 0                  [vsyscall]

VM Arguments:
java_command: /home/sebastian/Escritorio/workspace/zuul-proxy-server/target/surefire/surefirebooter8511289671065981301.jar /home/sebastian/Escritorio/workspace/zuul-proxy-server/target/surefire 2019-03-12T14-19-18_463-jvmRun1 surefire4363659103093071598tmp surefire_07990441913917530006tmp
java_class_path (initial): /home/sebastian/Escritorio/workspace/zuul-proxy-server/target/surefire/surefirebooter8511289671065981301.jar
Launcher Type: SUN_STANDARD

Environment Variables:
PATH=/home/sebastian/.local/bin:/usr/local/sbin:/usr/local/bin:/usr/sbin:/usr/bin:/sbin:/bin:/usr/games:/usr/local/games:/snap/bin
USERNAME=sebastian
SHELL=/usr/bin/zsh
DISPLAY=:0

Signal Handlers:
SIGSEGV: [libjvm.so+0xab2ea0], sa_mask[0]=11111111011111111101111111111110, sa_flags=SA_RESTART|SA_SIGINFO
SIGBUS: [libjvm.so+0xab2ea0], sa_mask[0]=11111111011111111101111111111110, sa_flags=SA_RESTART|SA_SIGINFO
SIGFPE: [libjvm.so+0x8e87b0], sa_mask[0]=11111111011111111101111111111110, sa_flags=SA_RESTART|SA_SIGINFO
SIGPIPE: [libjvm.so+0x8e87b0], sa_mask[0]=11111111011111111101111111111110, sa_flags=SA_RESTART|SA_SIGINFO
SIGXFSZ: [libjvm.so+0x8e87b0], sa_mask[0]=11111111011111111101111111111110, sa_flags=SA_RESTART|SA_SIGINFO
SIGILL: [libjvm.so+0x8e87b0], sa_mask[0]=11111111011111111101111111111110, sa_flags=SA_RESTART|SA_SIGINFO
SIGUSR1: SIG_DFL, sa_mask[0]=00000000000000000000000000000000, sa_flags=none
SIGUSR2: [libjvm.so+0x8e8660], sa_mask[0]=00100000000000000000000000000000, sa_flags=SA_RESTART|SA_SIGINFO
SIGHUP: [libjvm.so+0x8e8cd0], sa_mask[0]=11111111011111111101111111111110, sa_flags=SA_RESTART|SA_SIGINFO
SIGINT: [libjvm.so+0x8e8cd0], sa_mask[0]=11111111011111111101111111111110, sa_flags=SA_RESTART|SA_SIGINFO
SIGTERM: [libjvm.so+0x8e8cd0], sa_mask[0]=11111111011111111101111111111110, sa_flags=SA_RESTART|SA_SIGINFO
SIGQUIT: [libjvm.so+0x8e8cd0], sa_mask[0]=11111111011111111101111111111110, sa_flags=SA_RESTART|SA_SIGINFO


---------------  S Y S T E M  ---------------

OS:DISTRIB_ID=Ubuntu
DISTRIB_RELEASE=18.04
DISTRIB_CODENAME=bionic
DISTRIB_DESCRIPTION="Ubuntu 18.04.1 LTS"

uname:Linux 4.15.0-45-generic #48-Ubuntu SMP Tue Jan 29 16:28:13 UTC 2019 x86_64
libc:glibc 2.27 NPTL 2.27 
rlimit: STACK 8192k, CORE 0k, NPROC 31307, NOFILE 1048576, AS infinity
load average:1,88 1,93 2,14

/proc/meminfo:
MemTotal:        8075232 kB
MemFree:          137440 kB
MemAvailable:      57136 kB
Buffers:            1232 kB
Cached:           234624 kB
SwapCached:         4472 kB
Active:          6590556 kB
Inactive:         937640 kB
Active(anon):    6566608 kB
Inactive(anon):   912076 kB
Active(file):      23948 kB
Inactive(file):    25564 kB
Unevictable:         184 kB
Mlocked:             184 kB
SwapTotal:       2097148 kB
SwapFree:              0 kB
Dirty:              1304 kB
Writeback:             0 kB
AnonPages:       7288612 kB
Mapped:           176084 kB
Shmem:            185704 kB
Slab:             157704 kB
SReclaimable:      69936 kB
SUnreclaim:        87768 kB
KernelStack:       29536 kB
PageTables:        98180 kB
NFS_Unstable:          0 kB
Bounce:                0 kB
WritebackTmp:          0 kB
CommitLimit:     6134764 kB
Committed_AS:   20430268 kB
VmallocTotal:   34359738367 kB
VmallocUsed:           0 kB
VmallocChunk:          0 kB
HardwareCorrupted:     0 kB
AnonHugePages:         0 kB
ShmemHugePages:        0 kB
ShmemPmdMapped:        0 kB
CmaTotal:              0 kB
CmaFree:               0 kB
HugePages_Total:       0
HugePages_Free:        0
HugePages_Rsvd:        0
HugePages_Surp:        0
Hugepagesize:       2048 kB
DirectMap4k:      345720 kB
DirectMap2M:     6901760 kB
DirectMap1G:     1048576 kB

container (cgroup) information:
container_type: cgroupv1
cpu_cpuset_cpus: 0-7
cpu_memory_nodes: 0
active_processor_count: 8
cpu_quota: -1
cpu_period: 100000
cpu_shares: -1
memory_limit_in_bytes: -1
memory_and_swap_limit_in_bytes: -2
memory_soft_limit_in_bytes: -1
memory_usage_in_bytes: 7707099136
memory_max_usage_in_bytes: 34406400


CPU:total 8 (initial active 8) (4 cores per cpu, 2 threads per core) family 6 model 142 stepping 10, cmov, cx8, fxsr, mmx, sse, sse2, sse3, ssse3, sse4.1, sse4.2, popcnt, avx, avx2, aes, clmul, erms, 3dnowpref, lzcnt, ht, tsc, tscinvbit, bmi1, bmi2, adx

/proc/cpuinfo:
processor	: 0
vendor_id	: GenuineIntel
cpu family	: 6
model		: 142
model name	: Intel(R) Core(TM) i7-8550U CPU @ 1.80GHz
stepping	: 10
microcode	: 0x96
cpu MHz		: 2899.759
cache size	: 8192 KB
physical id	: 0
siblings	: 8
core id		: 0
cpu cores	: 4
apicid		: 0
initial apicid	: 0
fpu		: yes
fpu_exception	: yes
cpuid level	: 22
wp		: yes
flags		: fpu vme de pse tsc msr pae mce cx8 apic sep mtrr pge mca cmov pat pse36 clflush dts acpi mmx fxsr sse sse2 ss ht tm pbe syscall nx pdpe1gb rdtscp lm constant_tsc art arch_perfmon pebs bts rep_good nopl xtopology nonstop_tsc cpuid aperfmperf tsc_known_freq pni pclmulqdq dtes64 monitor ds_cpl vmx est tm2 ssse3 sdbg fma cx16 xtpr pdcm pcid sse4_1 sse4_2 x2apic movbe popcnt tsc_deadline_timer aes xsave avx f16c rdrand lahf_lm abm 3dnowprefetch cpuid_fault epb invpcid_single pti ssbd ibrs ibpb stibp tpr_shadow vnmi flexpriority ept vpid fsgsbase tsc_adjust bmi1 avx2 smep bmi2 erms invpcid mpx rdseed adx smap clflushopt intel_pt xsaveopt xsavec xgetbv1 xsaves dtherm ida arat pln pts hwp hwp_notify hwp_act_window hwp_epp flush_l1d
bugs		: cpu_meltdown spectre_v1 spectre_v2 spec_store_bypass l1tf
bogomips	: 3984.00
clflush size	: 64
cache_alignment	: 64
address sizes	: 39 bits physical, 48 bits virtual
power management:

processor	: 1
vendor_id	: GenuineIntel
cpu family	: 6
model		: 142
model name	: Intel(R) Core(TM) i7-8550U CPU @ 1.80GHz
stepping	: 10
microcode	: 0x96
cpu MHz		: 2894.124
cache size	: 8192 KB
physical id	: 0
siblings	: 8
core id		: 1
cpu cores	: 4
apicid		: 2
initial apicid	: 2
fpu		: yes
fpu_exception	: yes
cpuid level	: 22
wp		: yes
flags		: fpu vme de pse tsc msr pae mce cx8 apic sep mtrr pge mca cmov pat pse36 clflush dts acpi mmx fxsr sse sse2 ss ht tm pbe syscall nx pdpe1gb rdtscp lm constant_tsc art arch_perfmon pebs bts rep_good nopl xtopology nonstop_tsc cpuid aperfmperf tsc_known_freq pni pclmulqdq dtes64 monitor ds_cpl vmx est tm2 ssse3 sdbg fma cx16 xtpr pdcm pcid sse4_1 sse4_2 x2apic movbe popcnt tsc_deadline_timer aes xsave avx f16c rdrand lahf_lm abm 3dnowprefetch cpuid_fault epb invpcid_single pti ssbd ibrs ibpb stibp tpr_shadow vnmi flexpriority ept vpid fsgsbase tsc_adjust bmi1 avx2 smep bmi2 erms invpcid mpx rdseed adx smap clflushopt intel_pt xsaveopt xsavec xgetbv1 xsaves dtherm ida arat pln pts hwp hwp_notify hwp_act_window hwp_epp flush_l1d
bugs		: cpu_meltdown spectre_v1 spectre_v2 spec_store_bypass l1tf
bogomips	: 3984.00
clflush size	: 64
cache_alignment	: 64
address sizes	: 39 bits physical, 48 bits virtual
power management:

processor	: 2
vendor_id	: GenuineIntel
cpu family	: 6
model		: 142
model name	: Intel(R) Core(TM) i7-8550U CPU @ 1.80GHz
stepping	: 10
microcode	: 0x96
cpu MHz		: 2900.301
cache size	: 8192 KB
physical id	: 0
siblings	: 8
core id		: 2
cpu cores	: 4
apicid		: 4
initial apicid	: 4
fpu		: yes
fpu_exception	: yes
cpuid level	: 22
wp		: yes
flags		: fpu vme de pse tsc msr pae mce cx8 apic sep mtrr pge mca cmov pat pse36 clflush dts acpi mmx fxsr sse sse2 ss ht tm pbe syscall nx pdpe1gb rdtscp lm constant_tsc art arch_perfmon pebs bts rep_good nopl xtopology nonstop_tsc cpuid aperfmperf tsc_known_freq pni pclmulqdq dtes64 monitor ds_cpl vmx est tm2 ssse3 sdbg fma cx16 xtpr pdcm pcid sse4_1 sse4_2 x2apic movbe popcnt tsc_deadline_timer aes xsave avx f16c rdrand lahf_lm abm 3dnowprefetch cpuid_fault epb invpcid_single pti ssbd ibrs ibpb stibp tpr_shadow vnmi flexpriority ept vpid fsgsbase tsc_adjust bmi1 avx2 smep bmi2 erms invpcid mpx rdseed adx smap clflushopt intel_pt xsaveopt xsavec xgetbv1 xsaves dtherm ida arat pln pts hwp hwp_notify hwp_act_window hwp_epp flush_l1d
bugs		: cpu_meltdown spectre_v1 spectre_v2 spec_store_bypass l1tf
bogomips	: 3984.00
clflush size	: 64
cache_alignment	: 64
address sizes	: 39 bits physical, 48 bits virtual
power management:

processor	: 3
vendor_id	: GenuineIntel
cpu family	: 6
model		: 142
model name	: Intel(R) Core(TM) i7-8550U CPU @ 1.80GHz
stepping	: 10
microcode	: 0x96
cpu MHz		: 2899.968
cache size	: 8192 KB
physical id	: 0
siblings	: 8
core id		: 3
cpu cores	: 4
apicid		: 6
initial apicid	: 6
fpu		: yes
fpu_exception	: yes
cpuid level	: 22
wp		: yes
flags		: fpu vme de pse tsc msr pae mce cx8 apic sep mtrr pge mca cmov pat pse36 clflush dts acpi mmx fxsr sse sse2 ss ht tm pbe syscall nx pdpe1gb rdtscp lm constant_tsc art arch_perfmon pebs bts rep_good nopl xtopology nonstop_tsc cpuid aperfmperf tsc_known_freq pni pclmulqdq dtes64 monitor ds_cpl vmx est tm2 ssse3 sdbg fma cx16 xtpr pdcm pcid sse4_1 sse4_2 x2apic movbe popcnt tsc_deadline_timer aes xsave avx f16c rdrand lahf_lm abm 3dnowprefetch cpuid_fault epb invpcid_single pti ssbd ibrs ibpb stibp tpr_shadow vnmi flexpriority ept vpid fsgsbase tsc_adjust bmi1 avx2 smep bmi2 erms invpcid mpx rdseed adx smap clflushopt intel_pt xsaveopt xsavec xgetbv1 xsaves dtherm ida arat pln pts hwp hwp_notify hwp_act_window hwp_epp flush_l1d
bugs		: cpu_meltdown spectre_v1 spectre_v2 spec_store_bypass l1tf
bogomips	: 3984.00
clflush size	: 64
cache_alignment	: 64
address sizes	: 39 bits physical, 48 bits virtual
power management:

processor	: 4
vendor_id	: GenuineIntel
cpu family	: 6
model		: 142
model name	: Intel(R) Core(TM) i7-8550U CPU @ 1.80GHz
stepping	: 10
microcode	: 0x96
cpu MHz		: 2900.063
cache size	: 8192 KB
physical id	: 0
siblings	: 8
core id		: 0
cpu cores	: 4
apicid		: 1
initial apicid	: 1
fpu		: yes
fpu_exception	: yes
cpuid level	: 22
wp		: yes
flags		: fpu vme de pse tsc msr pae mce cx8 apic sep mtrr pge mca cmov pat pse36 clflush dts acpi mmx fxsr sse sse2 ss ht tm pbe syscall nx pdpe1gb rdtscp lm constant_tsc art arch_perfmon pebs bts rep_good nopl xtopology nonstop_tsc cpuid aperfmperf tsc_known_freq pni pclmulqdq dtes64 monitor ds_cpl vmx est tm2 ssse3 sdbg fma cx16 xtpr pdcm pcid sse4_1 sse4_2 x2apic movbe popcnt tsc_deadline_timer aes xsave avx f16c rdrand lahf_lm abm 3dnowprefetch cpuid_fault epb invpcid_single pti ssbd ibrs ibpb stibp tpr_shadow vnmi flexpriority ept vpid fsgsbase tsc_adjust bmi1 avx2 smep bmi2 erms invpcid mpx rdseed adx smap clflushopt intel_pt xsaveopt xsavec xgetbv1 xsaves dtherm ida arat pln pts hwp hwp_notify hwp_act_window hwp_epp flush_l1d
bugs		: cpu_meltdown spectre_v1 spectre_v2 spec_store_bypass l1tf
bogomips	: 3984.00
clflush size	: 64
cache_alignment	: 64
address sizes	: 39 bits physical, 48 bits virtual
power management:

processor	: 5
vendor_id	: GenuineIntel
cpu family	: 6
model		: 142
model name	: Intel(R) Core(TM) i7-8550U CPU @ 1.80GHz
stepping	: 10
microcode	: 0x96
cpu MHz		: 2900.192
cache size	: 8192 KB
physical id	: 0
siblings	: 8
core id		: 1
cpu cores	: 4
apicid		: 3
initial apicid	: 3
fpu		: yes
fpu_exception	: yes
cpuid level	: 22
wp		: yes
flags		: fpu vme de pse tsc msr pae mce cx8 apic sep mtrr pge mca cmov pat pse36 clflush dts acpi mmx fxsr sse sse2 ss ht tm pbe syscall nx pdpe1gb rdtscp lm constant_tsc art arch_perfmon pebs bts rep_good nopl xtopology nonstop_tsc cpuid aperfmperf tsc_known_freq pni pclmulqdq dtes64 monitor ds_cpl vmx est tm2 ssse3 sdbg fma cx16 xtpr pdcm pcid sse4_1 sse4_2 x2apic movbe popcnt tsc_deadline_timer aes xsave avx f16c rdrand lahf_lm abm 3dnowprefetch cpuid_fault epb invpcid_single pti ssbd ibrs ibpb stibp tpr_shadow vnmi flexpriority ept vpid fsgsbase tsc_adjust bmi1 avx2 smep bmi2 erms invpcid mpx rdseed adx smap clflushopt intel_pt xsaveopt xsavec xgetbv1 xsaves dtherm ida arat pln pts hwp hwp_notify hwp_act_window hwp_epp flush_l1d
bugs		: cpu_meltdown spectre_v1 spectre_v2 spec_store_bypass l1tf
bogomips	: 3984.00
clflush size	: 64
cache_alignment	: 64
address sizes	: 39 bits physical, 48 bits virtual
power management:

processor	: 6
vendor_id	: GenuineIntel
cpu family	: 6
model		: 142
model name	: Intel(R) Core(TM) i7-8550U CPU @ 1.80GHz
stepping	: 10
microcode	: 0x96
cpu MHz		: 2900.182
cache size	: 8192 KB
physical id	: 0
siblings	: 8
core id		: 2
cpu cores	: 4
apicid		: 5
initial apicid	: 5
fpu		: yes
fpu_exception	: yes
cpuid level	: 22
wp		: yes
flags		: fpu vme de pse tsc msr pae mce cx8 apic sep mtrr pge mca cmov pat pse36 clflush dts acpi mmx fxsr sse sse2 ss ht tm pbe syscall nx pdpe1gb rdtscp lm constant_tsc art arch_perfmon pebs bts rep_good nopl xtopology nonstop_tsc cpuid aperfmperf tsc_known_freq pni pclmulqdq dtes64 monitor ds_cpl vmx est tm2 ssse3 sdbg fma cx16 xtpr pdcm pcid sse4_1 sse4_2 x2apic movbe popcnt tsc_deadline_timer aes xsave avx f16c rdrand lahf_lm abm 3dnowprefetch cpuid_fault epb invpcid_single pti ssbd ibrs ibpb stibp tpr_shadow vnmi flexpriority ept vpid fsgsbase tsc_adjust bmi1 avx2 smep bmi2 erms invpcid mpx rdseed adx smap clflushopt intel_pt xsaveopt xsavec xgetbv1 xsaves dtherm ida arat pln pts hwp hwp_notify hwp_act_window hwp_epp flush_l1d
bugs		: cpu_meltdown spectre_v1 spectre_v2 spec_store_bypass l1tf
bogomips	: 3984.00
clflush size	: 64
cache_alignment	: 64
address sizes	: 39 bits physical, 48 bits virtual
power management:

processor	: 7
vendor_id	: GenuineIntel
cpu family	: 6
model		: 142
model name	: Intel(R) Core(TM) i7-8550U CPU @ 1.80GHz
stepping	: 10
microcode	: 0x96
cpu MHz		: 2900.092
cache size	: 8192 KB
physical id	: 0
siblings	: 8
core id		: 3
cpu cores	: 4
apicid		: 7
initial apicid	: 7
fpu		: yes
fpu_exception	: yes
cpuid level	: 22
wp		: yes
flags		: fpu vme de pse tsc msr pae mce cx8 apic sep mtrr pge mca cmov pat pse36 clflush dts acpi mmx fxsr sse sse2 ss ht tm pbe syscall nx pdpe1gb rdtscp lm constant_tsc art arch_perfmon pebs bts rep_good nopl xtopology nonstop_tsc cpuid aperfmperf tsc_known_freq pni pclmulqdq dtes64 monitor ds_cpl vmx est tm2 ssse3 sdbg fma cx16 xtpr pdcm pcid sse4_1 sse4_2 x2apic movbe popcnt tsc_deadline_timer aes xsave avx f16c rdrand lahf_lm abm 3dnowprefetch cpuid_fault epb invpcid_single pti ssbd ibrs ibpb stibp tpr_shadow vnmi flexpriority ept vpid fsgsbase tsc_adjust bmi1 avx2 smep bmi2 erms invpcid mpx rdseed adx smap clflushopt intel_pt xsaveopt xsavec xgetbv1 xsaves dtherm ida arat pln pts hwp hwp_notify hwp_act_window hwp_epp flush_l1d
bugs		: cpu_meltdown spectre_v1 spectre_v2 spec_store_bypass l1tf
bogomips	: 3984.00
clflush size	: 64
cache_alignment	: 64
address sizes	: 39 bits physical, 48 bits virtual
power management:



Memory: 4k page, physical 8075232k(136572k free), swap 2097148k(0k free)

vm_info: OpenJDK 64-Bit Server VM (25.191-b12) for linux-amd64 JRE (1.8.0_191-8u191-b12-2ubuntu0.18.04.1-b12), built on Jan 14 2019 21:02:00 by "buildd" with gcc 7.3.0

time: Tue Mar 12 14:19:20 2019
elapsed time: 2 seconds (0d 0h 0m 2s)

